<?xml version="1.0" encoding="utf-8" standalone="no"?>
<test-run id="2" testcasecount="126" result="Passed" total="126" passed="126" failed="0" inconclusive="0" skipped="0" asserts="89" engine-version="3.6.1.0" clr-version="4.0.30319.42000" start-time="2017-04-04 01:18:33Z" end-time="2017-04-04 01:18:35Z" duration="2.179169">
  <command-line><![CDATA[nunit3-console.exe  D:\b2cpcm\b2c-pcm\Implementation\DotNet\Raci.B2C\Raci.B2C.Common.Test\bin\Debug\Raci.B2C.Common.Test.dll D:\b2cpcm\b2c-pcm\Implementation\DotNet\Raci.B2C\Raci.B2C.Web.Test.Configuration\bin\Debug\Raci.B2C.Web.Test.Configuration.dll D:\b2cpcm\b2c-pcm\Implementation\DotNet\Raci.B2C\Raci.B2C.Idit.Test.Unit\bin\Debug\Raci.B2C.Idit.Test.Unit.dll D:\b2cpcm\b2c-pcm\Implementation\DotNet\Raci.B2C\Raci.B2C.Model.Test.Unit\bin\Debug\Raci.B2C.Model.Test.Unit.dll D:\b2cpcm\b2c-pcm\Implementation\DotNet\Raci.B2C\Raci.B2C.Web.Test.Unit\bin\Debug\Raci.B2C.Web.Test.Unit.dll D:\b2cpcm\b2c-pcm\Implementation\DotNet\Raci.B2C\Raci.B2C.Service.Test.Unit\bin\Debug\Raci.B2C.Service.Test.Unit.dll --result D:\apps\donut\nunit\B2CNunitResults.xml]]></command-line>
  <test-suite type="Assembly" id="1-1003" name="Raci.B2C.Common.Test.dll" fullname="D:\b2cpcm\b2c-pcm\Implementation\DotNet\Raci.B2C\Raci.B2C.Common.Test\bin\Debug\Raci.B2C.Common.Test.dll" runstate="Runnable" testcasecount="2" result="Passed" start-time="2017-04-04 01:18:34Z" end-time="2017-04-04 01:18:34Z" duration="0.165274" total="2" passed="2" failed="0" warnings="0" inconclusive="0" skipped="0" asserts="0">
    <environment framework-version="3.6.1.0" clr-version="4.0.30319.42000" os-version="Microsoft Windows NT 6.1.7601 Service Pack 1" platform="Win32NT" cwd="D:\apps\nunit-console\nunit-console" machine-name="RAC-39641" user="bridge0a" user-domain="RAC" culture="en-AU" uiculture="en-US" os-architecture="x64" />
    <settings>
      <setting name="DisposeRunners" value="True" />
      <setting name="WorkDirectory" value="D:\apps\nunit-console\nunit-console" />
      <setting name="ImageRuntimeVersion" value="4.0.30319" />
      <setting name="ImageTargetFrameworkName" value=".NETFramework,Version=v4.5" />
      <setting name="ImageRequiresX86" value="False" />
      <setting name="ImageRequiresDefaultAppDomainAssemblyResolver" value="False" />
      <setting name="NumberOfTestWorkers" value="8" />
    </settings>
    <properties>
      <property name="_PID" value="17352" />
      <property name="_APPDOMAIN" value="domain-8478bc91-Raci.B2C.Common.Test.dll" />
    </properties>
    <test-suite type="TestSuite" id="1-1004" name="Raci" fullname="Raci" runstate="Runnable" testcasecount="2" result="Passed" start-time="2017-04-04 01:18:34Z" end-time="2017-04-04 01:18:34Z" duration="0.141726" total="2" passed="2" failed="0" warnings="0" inconclusive="0" skipped="0" asserts="0">
      <test-suite type="TestSuite" id="1-1005" name="B2C" fullname="Raci.B2C" runstate="Runnable" testcasecount="2" result="Passed" start-time="2017-04-04 01:18:34Z" end-time="2017-04-04 01:18:34Z" duration="0.139980" total="2" passed="2" failed="0" warnings="0" inconclusive="0" skipped="0" asserts="0">
        <test-suite type="TestSuite" id="1-1006" name="Common" fullname="Raci.B2C.Common" runstate="Runnable" testcasecount="2" result="Passed" start-time="2017-04-04 01:18:34Z" end-time="2017-04-04 01:18:34Z" duration="0.137615" total="2" passed="2" failed="0" warnings="0" inconclusive="0" skipped="0" asserts="0">
          <test-suite type="TestSuite" id="1-1007" name="Test" fullname="Raci.B2C.Common.Test" runstate="Runnable" testcasecount="2" result="Passed" start-time="2017-04-04 01:18:34Z" end-time="2017-04-04 01:18:34Z" duration="0.136739" total="2" passed="2" failed="0" warnings="0" inconclusive="0" skipped="0" asserts="0">
            <test-suite type="TestSuite" id="1-1008" name="Security" fullname="Raci.B2C.Common.Test.Security" runstate="Runnable" testcasecount="2" result="Passed" start-time="2017-04-04 01:18:34Z" end-time="2017-04-04 01:18:34Z" duration="0.132000" total="2" passed="2" failed="0" warnings="0" inconclusive="0" skipped="0" asserts="0">
              <test-suite type="TestSuite" id="1-1009" name="Principal" fullname="Raci.B2C.Common.Test.Security.Principal" runstate="Runnable" testcasecount="2" result="Passed" start-time="2017-04-04 01:18:34Z" end-time="2017-04-04 01:18:34Z" duration="0.129160" total="2" passed="2" failed="0" warnings="0" inconclusive="0" skipped="0" asserts="0">
                <test-suite type="TestFixture" id="1-1000" name="PrincipalExtensionTests" fullname="Raci.B2C.Common.Test.Security.Principal.PrincipalExtensionTests" classname="Raci.B2C.Common.Test.Security.Principal.PrincipalExtensionTests" runstate="Runnable" testcasecount="2" result="Passed" start-time="2017-04-04 01:18:34Z" end-time="2017-04-04 01:18:34Z" duration="0.123359" total="2" passed="2" failed="0" warnings="0" inconclusive="0" skipped="0" asserts="0">
                  <test-case id="1-1001" name="GetB2CIdentity_Authenticated_ShouldReturnCurrentIdentity" fullname="Raci.B2C.Common.Test.Security.Principal.PrincipalExtensionTests.GetB2CIdentity_Authenticated_ShouldReturnCurrentIdentity" methodname="GetB2CIdentity_Authenticated_ShouldReturnCurrentIdentity" classname="Raci.B2C.Common.Test.Security.Principal.PrincipalExtensionTests" runstate="Runnable" seed="1119032119" result="Passed" start-time="2017-04-04 01:18:34Z" end-time="2017-04-04 01:18:34Z" duration="0.107343" asserts="0" />
                  <test-case id="1-1002" name="GetB2CIdentity_NotAuthenticated_ShouldDefaultIdentity" fullname="Raci.B2C.Common.Test.Security.Principal.PrincipalExtensionTests.GetB2CIdentity_NotAuthenticated_ShouldDefaultIdentity" methodname="GetB2CIdentity_NotAuthenticated_ShouldDefaultIdentity" classname="Raci.B2C.Common.Test.Security.Principal.PrincipalExtensionTests" runstate="Runnable" seed="131972881" result="Passed" start-time="2017-04-04 01:18:34Z" end-time="2017-04-04 01:18:34Z" duration="0.002839" asserts="0" />
                </test-suite>
              </test-suite>
            </test-suite>
          </test-suite>
        </test-suite>
      </test-suite>
    </test-suite>
  </test-suite>
  <test-suite type="Assembly" id="2-1004" name="Raci.B2C.Web.Test.Configuration.dll" fullname="D:\b2cpcm\b2c-pcm\Implementation\DotNet\Raci.B2C\Raci.B2C.Web.Test.Configuration\bin\Debug\Raci.B2C.Web.Test.Configuration.dll" runstate="Runnable" testcasecount="3" result="Passed" start-time="2017-04-04 01:18:33Z" end-time="2017-04-04 01:18:34Z" duration="0.449285" total="3" passed="3" failed="0" warnings="0" inconclusive="0" skipped="0" asserts="0">
    <environment framework-version="3.6.1.0" clr-version="4.0.30319.42000" os-version="Microsoft Windows NT 6.1.7601 Service Pack 1" platform="Win32NT" cwd="D:\apps\nunit-console\nunit-console" machine-name="RAC-39641" user="bridge0a" user-domain="RAC" culture="en-AU" uiculture="en-US" os-architecture="x64" />
    <settings>
      <setting name="DisposeRunners" value="True" />
      <setting name="WorkDirectory" value="D:\apps\nunit-console\nunit-console" />
      <setting name="ImageRuntimeVersion" value="4.0.30319" />
      <setting name="ImageTargetFrameworkName" value=".NETFramework,Version=v4.5" />
      <setting name="ImageRequiresX86" value="False" />
      <setting name="ImageRequiresDefaultAppDomainAssemblyResolver" value="False" />
      <setting name="NumberOfTestWorkers" value="8" />
    </settings>
    <properties>
      <property name="_PID" value="14072" />
      <property name="_APPDOMAIN" value="domain-d3cf472c-Raci.B2C.Web.Test.Configuration.dll" />
    </properties>
    <test-suite type="TestSuite" id="2-1005" name="Raci" fullname="Raci" runstate="Runnable" testcasecount="3" result="Passed" start-time="2017-04-04 01:18:33Z" end-time="2017-04-04 01:18:34Z" duration="0.426989" total="3" passed="3" failed="0" warnings="0" inconclusive="0" skipped="0" asserts="0">
      <test-suite type="TestSuite" id="2-1006" name="B2C" fullname="Raci.B2C" runstate="Runnable" testcasecount="3" result="Passed" start-time="2017-04-04 01:18:33Z" end-time="2017-04-04 01:18:34Z" duration="0.425009" total="3" passed="3" failed="0" warnings="0" inconclusive="0" skipped="0" asserts="0">
        <test-suite type="TestSuite" id="2-1007" name="Web" fullname="Raci.B2C.Web" runstate="Runnable" testcasecount="3" result="Passed" start-time="2017-04-04 01:18:33Z" end-time="2017-04-04 01:18:34Z" duration="0.422998" total="3" passed="3" failed="0" warnings="0" inconclusive="0" skipped="0" asserts="0">
          <test-suite type="TestSuite" id="2-1008" name="Test" fullname="Raci.B2C.Web.Test" runstate="Runnable" testcasecount="3" result="Passed" start-time="2017-04-04 01:18:33Z" end-time="2017-04-04 01:18:34Z" duration="0.420997" total="3" passed="3" failed="0" warnings="0" inconclusive="0" skipped="0" asserts="0">
            <test-suite type="TestSuite" id="2-1009" name="Configuration" fullname="Raci.B2C.Web.Test.Configuration" runstate="Runnable" testcasecount="3" result="Passed" start-time="2017-04-04 01:18:33Z" end-time="2017-04-04 01:18:34Z" duration="0.419010" total="3" passed="3" failed="0" warnings="0" inconclusive="0" skipped="0" asserts="0">
              <test-suite type="TestSuite" id="2-1010" name="Controllers" fullname="Raci.B2C.Web.Test.Configuration.Controllers" runstate="Runnable" testcasecount="3" result="Passed" start-time="2017-04-04 01:18:33Z" end-time="2017-04-04 01:18:34Z" duration="0.417022" total="3" passed="3" failed="0" warnings="0" inconclusive="0" skipped="0" asserts="0">
                <test-suite type="TestFixture" id="2-1000" name="PublicMethodActionTest" fullname="Raci.B2C.Web.Test.Configuration.Controllers.PublicMethodActionTest" classname="Raci.B2C.Web.Test.Configuration.Controllers.PublicMethodActionTest" runstate="Runnable" testcasecount="3" result="Passed" start-time="2017-04-04 01:18:33Z" end-time="2017-04-04 01:18:34Z" duration="0.413456" total="3" passed="3" failed="0" warnings="0" inconclusive="0" skipped="0" asserts="0">
                  <test-case id="2-1001" name="PublicMethodActionTest_CheckActionAttributes" fullname="Raci.B2C.Web.Test.Configuration.Controllers.PublicMethodActionTest.PublicMethodActionTest_CheckActionAttributes" methodname="PublicMethodActionTest_CheckActionAttributes" classname="Raci.B2C.Web.Test.Configuration.Controllers.PublicMethodActionTest" runstate="Runnable" seed="1119032119" result="Passed" start-time="2017-04-04 01:18:34Z" end-time="2017-04-04 01:18:34Z" duration="0.026075" asserts="0" />
                  <test-case id="2-1002" name="PublicMethodActionTest_CheckAntiForgeryTokenForPost" fullname="Raci.B2C.Web.Test.Configuration.Controllers.PublicMethodActionTest.PublicMethodActionTest_CheckAntiForgeryTokenForPost" methodname="PublicMethodActionTest_CheckAntiForgeryTokenForPost" classname="Raci.B2C.Web.Test.Configuration.Controllers.PublicMethodActionTest" runstate="Runnable" seed="131972881" result="Passed" start-time="2017-04-04 01:18:34Z" end-time="2017-04-04 01:18:34Z" duration="0.005058" asserts="0" />
                  <test-case id="2-1003" name="PublicMethodActionTest_CheckNoCache" fullname="Raci.B2C.Web.Test.Configuration.Controllers.PublicMethodActionTest.PublicMethodActionTest_CheckNoCache" methodname="PublicMethodActionTest_CheckNoCache" classname="Raci.B2C.Web.Test.Configuration.Controllers.PublicMethodActionTest" runstate="Runnable" seed="1819647760" result="Passed" start-time="2017-04-04 01:18:34Z" end-time="2017-04-04 01:18:34Z" duration="0.013479" asserts="0" />
                </test-suite>
              </test-suite>
            </test-suite>
          </test-suite>
        </test-suite>
      </test-suite>
    </test-suite>
  </test-suite>
  <test-suite type="Assembly" id="3-1003" name="Raci.B2C.Idit.Test.Unit.dll" fullname="D:\b2cpcm\b2c-pcm\Implementation\DotNet\Raci.B2C\Raci.B2C.Idit.Test.Unit\bin\Debug\Raci.B2C.Idit.Test.Unit.dll" runstate="Runnable" testcasecount="2" result="Passed" start-time="2017-04-04 01:18:34Z" end-time="2017-04-04 01:18:34Z" duration="0.498044" total="2" passed="2" failed="0" warnings="0" inconclusive="0" skipped="0" asserts="0">
    <environment framework-version="3.6.1.0" clr-version="4.0.30319.42000" os-version="Microsoft Windows NT 6.1.7601 Service Pack 1" platform="Win32NT" cwd="D:\apps\nunit-console\nunit-console" machine-name="RAC-39641" user="bridge0a" user-domain="RAC" culture="en-AU" uiculture="en-US" os-architecture="x64" />
    <settings>
      <setting name="DisposeRunners" value="True" />
      <setting name="WorkDirectory" value="D:\apps\nunit-console\nunit-console" />
      <setting name="ImageRuntimeVersion" value="4.0.30319" />
      <setting name="ImageTargetFrameworkName" value=".NETFramework,Version=v4.5" />
      <setting name="ImageRequiresX86" value="False" />
      <setting name="ImageRequiresDefaultAppDomainAssemblyResolver" value="False" />
      <setting name="NumberOfTestWorkers" value="8" />
    </settings>
    <properties>
      <property name="_PID" value="14852" />
      <property name="_APPDOMAIN" value="domain-60ba036e-Raci.B2C.Idit.Test.Unit.dll" />
    </properties>
    <test-suite type="TestSuite" id="3-1004" name="Raci" fullname="Raci" runstate="Runnable" testcasecount="2" result="Passed" start-time="2017-04-04 01:18:34Z" end-time="2017-04-04 01:18:34Z" duration="0.476037" total="2" passed="2" failed="0" warnings="0" inconclusive="0" skipped="0" asserts="0">
      <test-suite type="TestSuite" id="3-1005" name="B2C" fullname="Raci.B2C" runstate="Runnable" testcasecount="2" result="Passed" start-time="2017-04-04 01:18:34Z" end-time="2017-04-04 01:18:34Z" duration="0.473999" total="2" passed="2" failed="0" warnings="0" inconclusive="0" skipped="0" asserts="0">
        <test-suite type="TestSuite" id="3-1006" name="Idit" fullname="Raci.B2C.Idit" runstate="Runnable" testcasecount="2" result="Passed" start-time="2017-04-04 01:18:34Z" end-time="2017-04-04 01:18:34Z" duration="0.471993" total="2" passed="2" failed="0" warnings="0" inconclusive="0" skipped="0" asserts="0">
          <test-suite type="TestSuite" id="3-1007" name="Test" fullname="Raci.B2C.Idit.Test" runstate="Runnable" testcasecount="2" result="Passed" start-time="2017-04-04 01:18:34Z" end-time="2017-04-04 01:18:34Z" duration="0.470872" total="2" passed="2" failed="0" warnings="0" inconclusive="0" skipped="0" asserts="0">
            <test-suite type="TestSuite" id="3-1008" name="Unit" fullname="Raci.B2C.Idit.Test.Unit" runstate="Runnable" testcasecount="2" result="Passed" start-time="2017-04-04 01:18:34Z" end-time="2017-04-04 01:18:34Z" duration="0.466031" total="2" passed="2" failed="0" warnings="0" inconclusive="0" skipped="0" asserts="0">
              <test-suite type="TestSuite" id="3-1009" name="Util" fullname="Raci.B2C.Idit.Test.Unit.Util" runstate="Runnable" testcasecount="2" result="Passed" start-time="2017-04-04 01:18:34Z" end-time="2017-04-04 01:18:34Z" duration="0.463982" total="2" passed="2" failed="0" warnings="0" inconclusive="0" skipped="0" asserts="0">
                <test-suite type="TestFixture" id="3-1000" name="AddressIvoUtilTests" fullname="Raci.B2C.Idit.Test.Unit.Util.AddressIvoUtilTests" classname="Raci.B2C.Idit.Test.Unit.Util.AddressIvoUtilTests" runstate="Runnable" testcasecount="2" result="Passed" start-time="2017-04-04 01:18:34Z" end-time="2017-04-04 01:18:34Z" duration="0.459955" total="2" passed="2" failed="0" warnings="0" inconclusive="0" skipped="0" asserts="0">
                  <test-case id="3-1001" name="ToAddressIVO_NullGnafRefId_NotSpecifiedOnIVO" fullname="Raci.B2C.Idit.Test.Unit.Util.AddressIvoUtilTests.ToAddressIVO_NullGnafRefId_NotSpecifiedOnIVO" methodname="ToAddressIVO_NullGnafRefId_NotSpecifiedOnIVO" classname="Raci.B2C.Idit.Test.Unit.Util.AddressIvoUtilTests" runstate="Runnable" seed="1119032119" result="Passed" start-time="2017-04-04 01:18:34Z" end-time="2017-04-04 01:18:34Z" duration="0.446333" asserts="0" />
                  <test-case id="3-1002" name="ToAddressIVO_ValidGnafRefId_SpecifiedOnIVO" fullname="Raci.B2C.Idit.Test.Unit.Util.AddressIvoUtilTests.ToAddressIVO_ValidGnafRefId_SpecifiedOnIVO" methodname="ToAddressIVO_ValidGnafRefId_SpecifiedOnIVO" classname="Raci.B2C.Idit.Test.Unit.Util.AddressIvoUtilTests" runstate="Runnable" seed="131972881" result="Passed" start-time="2017-04-04 01:18:34Z" end-time="2017-04-04 01:18:34Z" duration="0.000745" asserts="0" />
                </test-suite>
              </test-suite>
            </test-suite>
          </test-suite>
        </test-suite>
      </test-suite>
    </test-suite>
  </test-suite>
  <test-suite type="Assembly" id="4-1087" name="Raci.B2C.Model.Test.Unit.dll" fullname="D:\b2cpcm\b2c-pcm\Implementation\DotNet\Raci.B2C\Raci.B2C.Model.Test.Unit\bin\Debug\Raci.B2C.Model.Test.Unit.dll" runstate="Runnable" testcasecount="81" result="Passed" start-time="2017-04-04 01:18:33Z" end-time="2017-04-04 01:18:34Z" duration="0.305931" total="81" passed="81" failed="0" warnings="0" inconclusive="0" skipped="0" asserts="0">
    <environment framework-version="3.6.1.0" clr-version="4.0.30319.42000" os-version="Microsoft Windows NT 6.1.7601 Service Pack 1" platform="Win32NT" cwd="D:\apps\nunit-console\nunit-console" machine-name="RAC-39641" user="bridge0a" user-domain="RAC" culture="en-AU" uiculture="en-US" os-architecture="x64" />
    <settings>
      <setting name="DisposeRunners" value="True" />
      <setting name="WorkDirectory" value="D:\apps\nunit-console\nunit-console" />
      <setting name="ImageRuntimeVersion" value="4.0.30319" />
      <setting name="ImageTargetFrameworkName" value=".NETFramework,Version=v4.5" />
      <setting name="ImageRequiresX86" value="False" />
      <setting name="ImageRequiresDefaultAppDomainAssemblyResolver" value="False" />
      <setting name="NumberOfTestWorkers" value="8" />
    </settings>
    <properties>
      <property name="_PID" value="19488" />
      <property name="_APPDOMAIN" value="domain-f2ec927-Raci.B2C.Model.Test.Unit.dll" />
    </properties>
    <test-suite type="TestSuite" id="4-1088" name="Raci" fullname="Raci" runstate="Runnable" testcasecount="81" result="Passed" start-time="2017-04-04 01:18:34Z" end-time="2017-04-04 01:18:34Z" duration="0.284354" total="81" passed="81" failed="0" warnings="0" inconclusive="0" skipped="0" asserts="0">
      <test-suite type="TestSuite" id="4-1089" name="B2C" fullname="Raci.B2C" runstate="Runnable" testcasecount="81" result="Passed" start-time="2017-04-04 01:18:34Z" end-time="2017-04-04 01:18:34Z" duration="0.282832" total="81" passed="81" failed="0" warnings="0" inconclusive="0" skipped="0" asserts="0">
        <test-suite type="TestSuite" id="4-1090" name="Model" fullname="Raci.B2C.Model" runstate="Runnable" testcasecount="81" result="Passed" start-time="2017-04-04 01:18:34Z" end-time="2017-04-04 01:18:34Z" duration="0.279599" total="81" passed="81" failed="0" warnings="0" inconclusive="0" skipped="0" asserts="0">
          <test-suite type="TestSuite" id="4-1091" name="Test" fullname="Raci.B2C.Model.Test" runstate="Runnable" testcasecount="81" result="Passed" start-time="2017-04-04 01:18:34Z" end-time="2017-04-04 01:18:34Z" duration="0.278000" total="81" passed="81" failed="0" warnings="0" inconclusive="0" skipped="0" asserts="0">
            <test-suite type="TestSuite" id="4-1092" name="Unit" fullname="Raci.B2C.Model.Test.Unit" runstate="Runnable" testcasecount="81" result="Passed" start-time="2017-04-04 01:18:34Z" end-time="2017-04-04 01:18:34Z" duration="0.276002" total="81" passed="81" failed="0" warnings="0" inconclusive="0" skipped="0" asserts="0">
              <test-suite type="TestSuite" id="4-1094" name="Entity" fullname="Raci.B2C.Model.Test.Unit.Entity" runstate="Runnable" testcasecount="63" result="Passed" start-time="2017-04-04 01:18:34Z" end-time="2017-04-04 01:18:34Z" duration="0.221002" total="63" passed="63" failed="0" warnings="0" inconclusive="0" skipped="0" asserts="0">
                <test-suite type="TestFixture" id="4-1021" name="ClaimDetailTests" fullname="Raci.B2C.Model.Test.Unit.Entity.ClaimDetailTests" classname="Raci.B2C.Model.Test.Unit.Entity.ClaimDetailTests" runstate="Runnable" testcasecount="4" result="Passed" start-time="2017-04-04 01:18:34Z" end-time="2017-04-04 01:18:34Z" duration="0.074233" total="4" passed="4" failed="0" warnings="0" inconclusive="0" skipped="0" asserts="0">
                  <test-case id="4-1022" name="DamageTypesToString_NoDamageTypes_ShouldReturnNull" fullname="Raci.B2C.Model.Test.Unit.Entity.ClaimDetailTests.DamageTypesToString_NoDamageTypes_ShouldReturnNull" methodname="DamageTypesToString_NoDamageTypes_ShouldReturnNull" classname="Raci.B2C.Model.Test.Unit.Entity.ClaimDetailTests" runstate="Runnable" seed="1548702895" result="Passed" start-time="2017-04-04 01:18:34Z" end-time="2017-04-04 01:18:34Z" duration="0.052272" asserts="0" />
                  <test-case id="4-1023" name="DamageTypesToString_SingleDamage_ShouldOneDescription" fullname="Raci.B2C.Model.Test.Unit.Entity.ClaimDetailTests.DamageTypesToString_SingleDamage_ShouldOneDescription" methodname="DamageTypesToString_SingleDamage_ShouldOneDescription" classname="Raci.B2C.Model.Test.Unit.Entity.ClaimDetailTests" runstate="Runnable" seed="1772214585" result="Passed" start-time="2017-04-04 01:18:34Z" end-time="2017-04-04 01:18:34Z" duration="0.004893" asserts="0" />
                  <test-case id="4-1025" name="DamageTypesToString_ThreeDamageTypes_ShouldThreeDescriptionsWithCommaAndOperatorBetween" fullname="Raci.B2C.Model.Test.Unit.Entity.ClaimDetailTests.DamageTypesToString_ThreeDamageTypes_ShouldThreeDescriptionsWithCommaAndOperatorBetween" methodname="DamageTypesToString_ThreeDamageTypes_ShouldThreeDescriptionsWithCommaAndOperatorBetween" classname="Raci.B2C.Model.Test.Unit.Entity.ClaimDetailTests" runstate="Runnable" seed="1979672276" result="Passed" start-time="2017-04-04 01:18:34Z" end-time="2017-04-04 01:18:34Z" duration="0.000445" asserts="0" />
                  <test-case id="4-1024" name="DamageTypesToString_TwoDamageTypes_ShouldHaveTwoDescriptionsWithOperatorBetween" fullname="Raci.B2C.Model.Test.Unit.Entity.ClaimDetailTests.DamageTypesToString_TwoDamageTypes_ShouldHaveTwoDescriptionsWithOperatorBetween" methodname="DamageTypesToString_TwoDamageTypes_ShouldHaveTwoDescriptionsWithOperatorBetween" classname="Raci.B2C.Model.Test.Unit.Entity.ClaimDetailTests" runstate="Runnable" seed="1549352591" result="Passed" start-time="2017-04-04 01:18:34Z" end-time="2017-04-04 01:18:34Z" duration="0.000327" asserts="0" />
                </test-suite>
                <test-suite type="TestFixture" id="4-1026" name="DamageTypeGetDamageTypeFromDescriptionTests" fullname="Raci.B2C.Model.Test.Unit.Entity.DamageTypeGetDamageTypeFromDescriptionTests" classname="Raci.B2C.Model.Test.Unit.Entity.DamageTypeGetDamageTypeFromDescriptionTests" runstate="Runnable" testcasecount="47" result="Passed" start-time="2017-04-04 01:18:34Z" end-time="2017-04-04 01:18:34Z" duration="0.104024" total="47" passed="47" failed="0" warnings="0" inconclusive="0" skipped="0" asserts="0">
                  <test-case id="4-1072" name="GetDamageTypeFromDescription_HomeBuildingAndContentsEarthquake_ShouldReturnHomeEarthquake" fullname="Raci.B2C.Model.Test.Unit.Entity.DamageTypeGetDamageTypeFromDescriptionTests.GetDamageTypeFromDescription_HomeBuildingAndContentsEarthquake_ShouldReturnHomeEarthquake" methodname="GetDamageTypeFromDescription_HomeBuildingAndContentsEarthquake_ShouldReturnHomeEarthquake" classname="Raci.B2C.Model.Test.Unit.Entity.DamageTypeGetDamageTypeFromDescriptionTests" runstate="Runnable" seed="1592233637" result="Passed" start-time="2017-04-04 01:18:34Z" end-time="2017-04-04 01:18:34Z" duration="0.002881" asserts="0" />
                  <test-case id="4-1063" name="GetDamageTypeFromDescription_HomeBuildingAndContentsEscapeOfLiquid_ShouldReturnHomeEscapeOfLiquid" fullname="Raci.B2C.Model.Test.Unit.Entity.DamageTypeGetDamageTypeFromDescriptionTests.GetDamageTypeFromDescription_HomeBuildingAndContentsEscapeOfLiquid_ShouldReturnHomeEscapeOfLiquid" methodname="GetDamageTypeFromDescription_HomeBuildingAndContentsEscapeOfLiquid_ShouldReturnHomeEscapeOfLiquid" classname="Raci.B2C.Model.Test.Unit.Entity.DamageTypeGetDamageTypeFromDescriptionTests" runstate="Runnable" seed="1967146861" result="Passed" start-time="2017-04-04 01:18:34Z" end-time="2017-04-04 01:18:34Z" duration="0.000624" asserts="0" />
                  <test-case id="4-1069" name="GetDamageTypeFromDescription_HomeBuildingAndContentsFire_ShouldReturnHomeFireExplosion" fullname="Raci.B2C.Model.Test.Unit.Entity.DamageTypeGetDamageTypeFromDescriptionTests.GetDamageTypeFromDescription_HomeBuildingAndContentsFire_ShouldReturnHomeFireExplosion" methodname="GetDamageTypeFromDescription_HomeBuildingAndContentsFire_ShouldReturnHomeFireExplosion" classname="Raci.B2C.Model.Test.Unit.Entity.DamageTypeGetDamageTypeFromDescriptionTests" runstate="Runnable" seed="1106647560" result="Passed" start-time="2017-04-04 01:18:34Z" end-time="2017-04-04 01:18:34Z" duration="0.000586" asserts="0" />
                  <test-case id="4-1071" name="GetDamageTypeFromDescription_HomeBuildingAndContentsFlood_ShouldReturnHomeFlood" fullname="Raci.B2C.Model.Test.Unit.Entity.DamageTypeGetDamageTypeFromDescriptionTests.GetDamageTypeFromDescription_HomeBuildingAndContentsFlood_ShouldReturnHomeFlood" methodname="GetDamageTypeFromDescription_HomeBuildingAndContentsFlood_ShouldReturnHomeFlood" classname="Raci.B2C.Model.Test.Unit.Entity.DamageTypeGetDamageTypeFromDescriptionTests" runstate="Runnable" seed="1503945909" result="Passed" start-time="2017-04-04 01:18:34Z" end-time="2017-04-04 01:18:34Z" duration="0.000632" asserts="0" />
                  <test-case id="4-1067" name="GetDamageTypeFromDescription_HomeBuildingAndContentsFusion_ShouldReturnHomeElectricMotorBurnout" fullname="Raci.B2C.Model.Test.Unit.Entity.DamageTypeGetDamageTypeFromDescriptionTests.GetDamageTypeFromDescription_HomeBuildingAndContentsFusion_ShouldReturnHomeElectricMotorBurnout" methodname="GetDamageTypeFromDescription_HomeBuildingAndContentsFusion_ShouldReturnHomeElectricMotorBurnout" classname="Raci.B2C.Model.Test.Unit.Entity.DamageTypeGetDamageTypeFromDescriptionTests" runstate="Runnable" seed="1930468086" result="Passed" start-time="2017-04-04 01:18:34Z" end-time="2017-04-04 01:18:34Z" duration="0.000620" asserts="0" />
                  <test-case id="4-1066" name="GetDamageTypeFromDescription_HomeBuildingAndContentsGlass_ShouldReturnHomeGlass" fullname="Raci.B2C.Model.Test.Unit.Entity.DamageTypeGetDamageTypeFromDescriptionTests.GetDamageTypeFromDescription_HomeBuildingAndContentsGlass_ShouldReturnHomeGlass" methodname="GetDamageTypeFromDescription_HomeBuildingAndContentsGlass_ShouldReturnHomeGlass" classname="Raci.B2C.Model.Test.Unit.Entity.DamageTypeGetDamageTypeFromDescriptionTests" runstate="Runnable" seed="1774066786" result="Passed" start-time="2017-04-04 01:18:34Z" end-time="2017-04-04 01:18:34Z" duration="0.000629" asserts="0" />
                  <test-case id="4-1068" name="GetDamageTypeFromDescription_HomeBuildingAndContentsImpactOfVehicle_ShouldReturnHomeImpactOfVehicle" fullname="Raci.B2C.Model.Test.Unit.Entity.DamageTypeGetDamageTypeFromDescriptionTests.GetDamageTypeFromDescription_HomeBuildingAndContentsImpactOfVehicle_ShouldReturnHomeImpactOfVehicle" methodname="GetDamageTypeFromDescription_HomeBuildingAndContentsImpactOfVehicle_ShouldReturnHomeImpactOfVehicle" classname="Raci.B2C.Model.Test.Unit.Entity.DamageTypeGetDamageTypeFromDescriptionTests" runstate="Runnable" seed="1136699420" result="Passed" start-time="2017-04-04 01:18:34Z" end-time="2017-04-04 01:18:34Z" duration="0.000609" asserts="0" />
                  <test-case id="4-1065" name="GetDamageTypeFromDescription_HomeBuildingAndContentsMaliciousDamage_ShouldReturnHomeMaliciousDamage" fullname="Raci.B2C.Model.Test.Unit.Entity.DamageTypeGetDamageTypeFromDescriptionTests.GetDamageTypeFromDescription_HomeBuildingAndContentsMaliciousDamage_ShouldReturnHomeMaliciousDamage" methodname="GetDamageTypeFromDescription_HomeBuildingAndContentsMaliciousDamage_ShouldReturnHomeMaliciousDamage" classname="Raci.B2C.Model.Test.Unit.Entity.DamageTypeGetDamageTypeFromDescriptionTests" runstate="Runnable" seed="2093903494" result="Passed" start-time="2017-04-04 01:18:34Z" end-time="2017-04-04 01:18:34Z" duration="0.000622" asserts="0" />
                  <test-case id="4-1070" name="GetDamageTypeFromDescription_HomeBuildingAndContentsSpoiltFood_ShouldHomeSpoiltFood" fullname="Raci.B2C.Model.Test.Unit.Entity.DamageTypeGetDamageTypeFromDescriptionTests.GetDamageTypeFromDescription_HomeBuildingAndContentsSpoiltFood_ShouldHomeSpoiltFood" methodname="GetDamageTypeFromDescription_HomeBuildingAndContentsSpoiltFood_ShouldHomeSpoiltFood" classname="Raci.B2C.Model.Test.Unit.Entity.DamageTypeGetDamageTypeFromDescriptionTests" runstate="Runnable" seed="1679251763" result="Passed" start-time="2017-04-04 01:18:34Z" end-time="2017-04-04 01:18:34Z" duration="0.000623" asserts="0" />
                  <test-case id="4-1062" name="GetDamageTypeFromDescription_HomeBuildingAndContentsStormAndTempest_ShouldReturnHomeStormAndTempest" fullname="Raci.B2C.Model.Test.Unit.Entity.DamageTypeGetDamageTypeFromDescriptionTests.GetDamageTypeFromDescription_HomeBuildingAndContentsStormAndTempest_ShouldReturnHomeStormAndTempest" methodname="GetDamageTypeFromDescription_HomeBuildingAndContentsStormAndTempest_ShouldReturnHomeStormAndTempest" classname="Raci.B2C.Model.Test.Unit.Entity.DamageTypeGetDamageTypeFromDescriptionTests" runstate="Runnable" seed="1553556142" result="Passed" start-time="2017-04-04 01:18:34Z" end-time="2017-04-04 01:18:34Z" duration="0.000863" asserts="0" />
                  <test-case id="4-1073" name="GetDamageTypeFromDescription_HomeBuildingAndContentsStormDamageToFence_ShouldReturnHomeStormDamageToFence" fullname="Raci.B2C.Model.Test.Unit.Entity.DamageTypeGetDamageTypeFromDescriptionTests.GetDamageTypeFromDescription_HomeBuildingAndContentsStormDamageToFence_ShouldReturnHomeStormDamageToFence" methodname="GetDamageTypeFromDescription_HomeBuildingAndContentsStormDamageToFence_ShouldReturnHomeStormDamageToFence" classname="Raci.B2C.Model.Test.Unit.Entity.DamageTypeGetDamageTypeFromDescriptionTests" runstate="Runnable" seed="617297798" result="Passed" start-time="2017-04-04 01:18:34Z" end-time="2017-04-04 01:18:34Z" duration="0.000595" asserts="0" />
                  <test-case id="4-1064" name="GetDamageTypeFromDescription_HomeBuildingAndContentsTheft_ShouldReturnHomeTheftHouseBreakIn" fullname="Raci.B2C.Model.Test.Unit.Entity.DamageTypeGetDamageTypeFromDescriptionTests.GetDamageTypeFromDescription_HomeBuildingAndContentsTheft_ShouldReturnHomeTheftHouseBreakIn" methodname="GetDamageTypeFromDescription_HomeBuildingAndContentsTheft_ShouldReturnHomeTheftHouseBreakIn" classname="Raci.B2C.Model.Test.Unit.Entity.DamageTypeGetDamageTypeFromDescriptionTests" runstate="Runnable" seed="1737233770" result="Passed" start-time="2017-04-04 01:18:34Z" end-time="2017-04-04 01:18:34Z" duration="0.000559" asserts="0" />
                  <test-case id="4-1048" name="GetDamageTypeFromDescription_HomeBuildingEarthquake_ShouldReturnHomeEarthquake" fullname="Raci.B2C.Model.Test.Unit.Entity.DamageTypeGetDamageTypeFromDescriptionTests.GetDamageTypeFromDescription_HomeBuildingEarthquake_ShouldReturnHomeEarthquake" methodname="GetDamageTypeFromDescription_HomeBuildingEarthquake_ShouldReturnHomeEarthquake" classname="Raci.B2C.Model.Test.Unit.Entity.DamageTypeGetDamageTypeFromDescriptionTests" runstate="Runnable" seed="1923308320" result="Passed" start-time="2017-04-04 01:18:34Z" end-time="2017-04-04 01:18:34Z" duration="0.000575" asserts="0" />
                  <test-case id="4-1043" name="GetDamageTypeFromDescription_HomeBuildingElectricMotorBurnout_ShouldReturnHomeElectricMotorBurnout" fullname="Raci.B2C.Model.Test.Unit.Entity.DamageTypeGetDamageTypeFromDescriptionTests.GetDamageTypeFromDescription_HomeBuildingElectricMotorBurnout_ShouldReturnHomeElectricMotorBurnout" methodname="GetDamageTypeFromDescription_HomeBuildingElectricMotorBurnout_ShouldReturnHomeElectricMotorBurnout" classname="Raci.B2C.Model.Test.Unit.Entity.DamageTypeGetDamageTypeFromDescriptionTests" runstate="Runnable" seed="1195196339" result="Passed" start-time="2017-04-04 01:18:34Z" end-time="2017-04-04 01:18:34Z" duration="0.000591" asserts="0" />
                  <test-case id="4-1039" name="GetDamageTypeFromDescription_HomeBuildingEscapeOfLiquid_ShouldReturnHomeEscapeOfLiquid" fullname="Raci.B2C.Model.Test.Unit.Entity.DamageTypeGetDamageTypeFromDescriptionTests.GetDamageTypeFromDescription_HomeBuildingEscapeOfLiquid_ShouldReturnHomeEscapeOfLiquid" methodname="GetDamageTypeFromDescription_HomeBuildingEscapeOfLiquid_ShouldReturnHomeEscapeOfLiquid" classname="Raci.B2C.Model.Test.Unit.Entity.DamageTypeGetDamageTypeFromDescriptionTests" runstate="Runnable" seed="1972034369" result="Passed" start-time="2017-04-04 01:18:34Z" end-time="2017-04-04 01:18:34Z" duration="0.000620" asserts="0" />
                  <test-case id="4-1045" name="GetDamageTypeFromDescription_HomeBuildingFire_ShouldReturnHomeFireExplosion" fullname="Raci.B2C.Model.Test.Unit.Entity.DamageTypeGetDamageTypeFromDescriptionTests.GetDamageTypeFromDescription_HomeBuildingFire_ShouldReturnHomeFireExplosion" methodname="GetDamageTypeFromDescription_HomeBuildingFire_ShouldReturnHomeFireExplosion" classname="Raci.B2C.Model.Test.Unit.Entity.DamageTypeGetDamageTypeFromDescriptionTests" runstate="Runnable" seed="1967485850" result="Passed" start-time="2017-04-04 01:18:34Z" end-time="2017-04-04 01:18:34Z" duration="0.000599" asserts="0" />
                  <test-case id="4-1047" name="GetDamageTypeFromDescription_HomeBuildingFlood_ShouldReturnHomeFlood" fullname="Raci.B2C.Model.Test.Unit.Entity.DamageTypeGetDamageTypeFromDescriptionTests.GetDamageTypeFromDescription_HomeBuildingFlood_ShouldReturnHomeFlood" methodname="GetDamageTypeFromDescription_HomeBuildingFlood_ShouldReturnHomeFlood" classname="Raci.B2C.Model.Test.Unit.Entity.DamageTypeGetDamageTypeFromDescriptionTests" runstate="Runnable" seed="506655483" result="Passed" start-time="2017-04-04 01:18:34Z" end-time="2017-04-04 01:18:34Z" duration="0.000465" asserts="0" />
                  <test-case id="4-1042" name="GetDamageTypeFromDescription_HomeBuildingGlass_ShouldReturnHomeGlass" fullname="Raci.B2C.Model.Test.Unit.Entity.DamageTypeGetDamageTypeFromDescriptionTests.GetDamageTypeFromDescription_HomeBuildingGlass_ShouldReturnHomeGlass" methodname="GetDamageTypeFromDescription_HomeBuildingGlass_ShouldReturnHomeGlass" classname="Raci.B2C.Model.Test.Unit.Entity.DamageTypeGetDamageTypeFromDescriptionTests" runstate="Runnable" seed="1760265322" result="Passed" start-time="2017-04-04 01:18:34Z" end-time="2017-04-04 01:18:34Z" duration="0.000407" asserts="0" />
                  <test-case id="4-1044" name="GetDamageTypeFromDescription_HomeBuildingImpactOfVehicle_ShouldReturnHomeImpactOfVehicle" fullname="Raci.B2C.Model.Test.Unit.Entity.DamageTypeGetDamageTypeFromDescriptionTests.GetDamageTypeFromDescription_HomeBuildingImpactOfVehicle_ShouldReturnHomeImpactOfVehicle" methodname="GetDamageTypeFromDescription_HomeBuildingImpactOfVehicle_ShouldReturnHomeImpactOfVehicle" classname="Raci.B2C.Model.Test.Unit.Entity.DamageTypeGetDamageTypeFromDescriptionTests" runstate="Runnable" seed="2016900578" result="Passed" start-time="2017-04-04 01:18:34Z" end-time="2017-04-04 01:18:34Z" duration="0.000607" asserts="0" />
                  <test-case id="4-1041" name="GetDamageTypeFromDescription_HomeBuildingMaliciousDamage_ShouldReturnHomeMaliciousDamage" fullname="Raci.B2C.Model.Test.Unit.Entity.DamageTypeGetDamageTypeFromDescriptionTests.GetDamageTypeFromDescription_HomeBuildingMaliciousDamage_ShouldReturnHomeMaliciousDamage" methodname="GetDamageTypeFromDescription_HomeBuildingMaliciousDamage_ShouldReturnHomeMaliciousDamage" classname="Raci.B2C.Model.Test.Unit.Entity.DamageTypeGetDamageTypeFromDescriptionTests" runstate="Runnable" seed="1102900456" result="Passed" start-time="2017-04-04 01:18:34Z" end-time="2017-04-04 01:18:34Z" duration="0.000773" asserts="0" />
                  <test-case id="4-1046" name="GetDamageTypeFromDescription_HomeBuildingSpoiltFood_ShouldRetrunNull" fullname="Raci.B2C.Model.Test.Unit.Entity.DamageTypeGetDamageTypeFromDescriptionTests.GetDamageTypeFromDescription_HomeBuildingSpoiltFood_ShouldRetrunNull" methodname="GetDamageTypeFromDescription_HomeBuildingSpoiltFood_ShouldRetrunNull" classname="Raci.B2C.Model.Test.Unit.Entity.DamageTypeGetDamageTypeFromDescriptionTests" runstate="Runnable" seed="1579847228" result="Passed" start-time="2017-04-04 01:18:34Z" end-time="2017-04-04 01:18:34Z" duration="0.001169" asserts="0" />
                  <test-case id="4-1038" name="GetDamageTypeFromDescription_HomeBuildingStormAndTempest_ShouldReturnHomeStormAndTempest" fullname="Raci.B2C.Model.Test.Unit.Entity.DamageTypeGetDamageTypeFromDescriptionTests.GetDamageTypeFromDescription_HomeBuildingStormAndTempest_ShouldReturnHomeStormAndTempest" methodname="GetDamageTypeFromDescription_HomeBuildingStormAndTempest_ShouldReturnHomeStormAndTempest" classname="Raci.B2C.Model.Test.Unit.Entity.DamageTypeGetDamageTypeFromDescriptionTests" runstate="Runnable" seed="1877837563" result="Passed" start-time="2017-04-04 01:18:34Z" end-time="2017-04-04 01:18:34Z" duration="0.000627" asserts="0" />
                  <test-case id="4-1049" name="GetDamageTypeFromDescription_HomeBuildingStormDamageToFence_ShouldReturnHomeStormDamageToFence" fullname="Raci.B2C.Model.Test.Unit.Entity.DamageTypeGetDamageTypeFromDescriptionTests.GetDamageTypeFromDescription_HomeBuildingStormDamageToFence_ShouldReturnHomeStormDamageToFence" methodname="GetDamageTypeFromDescription_HomeBuildingStormDamageToFence_ShouldReturnHomeStormDamageToFence" classname="Raci.B2C.Model.Test.Unit.Entity.DamageTypeGetDamageTypeFromDescriptionTests" runstate="Runnable" seed="541803469" result="Passed" start-time="2017-04-04 01:18:34Z" end-time="2017-04-04 01:18:34Z" duration="0.000599" asserts="0" />
                  <test-case id="4-1040" name="GetDamageTypeFromDescription_HomeBuildingTheft_ShouldReturnHomeTheftHouseBreakIn" fullname="Raci.B2C.Model.Test.Unit.Entity.DamageTypeGetDamageTypeFromDescriptionTests.GetDamageTypeFromDescription_HomeBuildingTheft_ShouldReturnHomeTheftHouseBreakIn" methodname="GetDamageTypeFromDescription_HomeBuildingTheft_ShouldReturnHomeTheftHouseBreakIn" classname="Raci.B2C.Model.Test.Unit.Entity.DamageTypeGetDamageTypeFromDescriptionTests" runstate="Runnable" seed="1129145112" result="Passed" start-time="2017-04-04 01:18:34Z" end-time="2017-04-04 01:18:34Z" duration="0.000618" asserts="0" />
                  <test-case id="4-1060" name="GetDamageTypeFromDescription_HomeContentsEarthquake_ShouldReturnHomeEarthquake" fullname="Raci.B2C.Model.Test.Unit.Entity.DamageTypeGetDamageTypeFromDescriptionTests.GetDamageTypeFromDescription_HomeContentsEarthquake_ShouldReturnHomeEarthquake" methodname="GetDamageTypeFromDescription_HomeContentsEarthquake_ShouldReturnHomeEarthquake" classname="Raci.B2C.Model.Test.Unit.Entity.DamageTypeGetDamageTypeFromDescriptionTests" runstate="Runnable" seed="1552436250" result="Passed" start-time="2017-04-04 01:18:34Z" end-time="2017-04-04 01:18:34Z" duration="0.000608" asserts="0" />
                  <test-case id="4-1051" name="GetDamageTypeFromDescription_HomeContentsEscapeOfLiquid_ShouldReturnHomeEscapeOfLiquid" fullname="Raci.B2C.Model.Test.Unit.Entity.DamageTypeGetDamageTypeFromDescriptionTests.GetDamageTypeFromDescription_HomeContentsEscapeOfLiquid_ShouldReturnHomeEscapeOfLiquid" methodname="GetDamageTypeFromDescription_HomeContentsEscapeOfLiquid_ShouldReturnHomeEscapeOfLiquid" classname="Raci.B2C.Model.Test.Unit.Entity.DamageTypeGetDamageTypeFromDescriptionTests" runstate="Runnable" seed="1462458129" result="Passed" start-time="2017-04-04 01:18:34Z" end-time="2017-04-04 01:18:34Z" duration="0.000615" asserts="0" />
                  <test-case id="4-1057" name="GetDamageTypeFromDescription_HomeContentsFire_ShouldReturnHomeFireExplosion" fullname="Raci.B2C.Model.Test.Unit.Entity.DamageTypeGetDamageTypeFromDescriptionTests.GetDamageTypeFromDescription_HomeContentsFire_ShouldReturnHomeFireExplosion" methodname="GetDamageTypeFromDescription_HomeContentsFire_ShouldReturnHomeFireExplosion" classname="Raci.B2C.Model.Test.Unit.Entity.DamageTypeGetDamageTypeFromDescriptionTests" runstate="Runnable" seed="584937623" result="Passed" start-time="2017-04-04 01:18:34Z" end-time="2017-04-04 01:18:34Z" duration="0.000647" asserts="0" />
                  <test-case id="4-1059" name="GetDamageTypeFromDescription_HomeContentsFlood_ShouldReturnHomeFlood" fullname="Raci.B2C.Model.Test.Unit.Entity.DamageTypeGetDamageTypeFromDescriptionTests.GetDamageTypeFromDescription_HomeContentsFlood_ShouldReturnHomeFlood" methodname="GetDamageTypeFromDescription_HomeContentsFlood_ShouldReturnHomeFlood" classname="Raci.B2C.Model.Test.Unit.Entity.DamageTypeGetDamageTypeFromDescriptionTests" runstate="Runnable" seed="1610357465" result="Passed" start-time="2017-04-04 01:18:34Z" end-time="2017-04-04 01:18:34Z" duration="0.000633" asserts="0" />
                  <test-case id="4-1055" name="GetDamageTypeFromDescription_HomeContentsFusion_ShouldReturnHomeFusion" fullname="Raci.B2C.Model.Test.Unit.Entity.DamageTypeGetDamageTypeFromDescriptionTests.GetDamageTypeFromDescription_HomeContentsFusion_ShouldReturnHomeFusion" methodname="GetDamageTypeFromDescription_HomeContentsFusion_ShouldReturnHomeFusion" classname="Raci.B2C.Model.Test.Unit.Entity.DamageTypeGetDamageTypeFromDescriptionTests" runstate="Runnable" seed="1373040043" result="Passed" start-time="2017-04-04 01:18:34Z" end-time="2017-04-04 01:18:34Z" duration="0.000586" asserts="0" />
                  <test-case id="4-1054" name="GetDamageTypeFromDescription_HomeContentsGlass_ShouldReturnHomeGlass" fullname="Raci.B2C.Model.Test.Unit.Entity.DamageTypeGetDamageTypeFromDescriptionTests.GetDamageTypeFromDescription_HomeContentsGlass_ShouldReturnHomeGlass" methodname="GetDamageTypeFromDescription_HomeContentsGlass_ShouldReturnHomeGlass" classname="Raci.B2C.Model.Test.Unit.Entity.DamageTypeGetDamageTypeFromDescriptionTests" runstate="Runnable" seed="2107890144" result="Passed" start-time="2017-04-04 01:18:34Z" end-time="2017-04-04 01:18:34Z" duration="0.000854" asserts="0" />
                  <test-case id="4-1056" name="GetDamageTypeFromDescription_HomeContentsImpactOfVehicle_ShouldReturnHomeImpactOfVehicle" fullname="Raci.B2C.Model.Test.Unit.Entity.DamageTypeGetDamageTypeFromDescriptionTests.GetDamageTypeFromDescription_HomeContentsImpactOfVehicle_ShouldReturnHomeImpactOfVehicle" methodname="GetDamageTypeFromDescription_HomeContentsImpactOfVehicle_ShouldReturnHomeImpactOfVehicle" classname="Raci.B2C.Model.Test.Unit.Entity.DamageTypeGetDamageTypeFromDescriptionTests" runstate="Runnable" seed="669844502" result="Passed" start-time="2017-04-04 01:18:34Z" end-time="2017-04-04 01:18:34Z" duration="0.000591" asserts="0" />
                  <test-case id="4-1053" name="GetDamageTypeFromDescription_HomeContentsMaliciousDamage_ShouldReturnHomeMaliciousDamage" fullname="Raci.B2C.Model.Test.Unit.Entity.DamageTypeGetDamageTypeFromDescriptionTests.GetDamageTypeFromDescription_HomeContentsMaliciousDamage_ShouldReturnHomeMaliciousDamage" methodname="GetDamageTypeFromDescription_HomeContentsMaliciousDamage_ShouldReturnHomeMaliciousDamage" classname="Raci.B2C.Model.Test.Unit.Entity.DamageTypeGetDamageTypeFromDescriptionTests" runstate="Runnable" seed="1511123958" result="Passed" start-time="2017-04-04 01:18:34Z" end-time="2017-04-04 01:18:34Z" duration="0.000726" asserts="0" />
                  <test-case id="4-1058" name="GetDamageTypeFromDescription_HomeContentsSpoiltFood_ShouldReturnHomeSpoiltFood" fullname="Raci.B2C.Model.Test.Unit.Entity.DamageTypeGetDamageTypeFromDescriptionTests.GetDamageTypeFromDescription_HomeContentsSpoiltFood_ShouldReturnHomeSpoiltFood" methodname="GetDamageTypeFromDescription_HomeContentsSpoiltFood_ShouldReturnHomeSpoiltFood" classname="Raci.B2C.Model.Test.Unit.Entity.DamageTypeGetDamageTypeFromDescriptionTests" runstate="Runnable" seed="1117347479" result="Passed" start-time="2017-04-04 01:18:34Z" end-time="2017-04-04 01:18:34Z" duration="0.000600" asserts="0" />
                  <test-case id="4-1050" name="GetDamageTypeFromDescription_HomeContentsStormAndTempest_ShouldReturnHomeStormAndTempest" fullname="Raci.B2C.Model.Test.Unit.Entity.DamageTypeGetDamageTypeFromDescriptionTests.GetDamageTypeFromDescription_HomeContentsStormAndTempest_ShouldReturnHomeStormAndTempest" methodname="GetDamageTypeFromDescription_HomeContentsStormAndTempest_ShouldReturnHomeStormAndTempest" classname="Raci.B2C.Model.Test.Unit.Entity.DamageTypeGetDamageTypeFromDescriptionTests" runstate="Runnable" seed="1107987450" result="Passed" start-time="2017-04-04 01:18:34Z" end-time="2017-04-04 01:18:34Z" duration="0.000623" asserts="0" />
                  <test-case id="4-1061" name="GetDamageTypeFromDescription_HomeContentsStormDamageToFence_ShouldReturnNull" fullname="Raci.B2C.Model.Test.Unit.Entity.DamageTypeGetDamageTypeFromDescriptionTests.GetDamageTypeFromDescription_HomeContentsStormDamageToFence_ShouldReturnNull" methodname="GetDamageTypeFromDescription_HomeContentsStormDamageToFence_ShouldReturnNull" classname="Raci.B2C.Model.Test.Unit.Entity.DamageTypeGetDamageTypeFromDescriptionTests" runstate="Runnable" seed="1790757894" result="Passed" start-time="2017-04-04 01:18:34Z" end-time="2017-04-04 01:18:34Z" duration="0.000607" asserts="0" />
                  <test-case id="4-1052" name="GetDamageTypeFromDescription_HomeContentsTheft_ShouldReturnHomeTheftHouseBreakIn" fullname="Raci.B2C.Model.Test.Unit.Entity.DamageTypeGetDamageTypeFromDescriptionTests.GetDamageTypeFromDescription_HomeContentsTheft_ShouldReturnHomeTheftHouseBreakIn" methodname="GetDamageTypeFromDescription_HomeContentsTheft_ShouldReturnHomeTheftHouseBreakIn" classname="Raci.B2C.Model.Test.Unit.Entity.DamageTypeGetDamageTypeFromDescriptionTests" runstate="Runnable" seed="1034196877" result="Passed" start-time="2017-04-04 01:18:34Z" end-time="2017-04-04 01:18:34Z" duration="0.000635" asserts="0" />
                  <test-case id="4-1035" name="GetDamageTypeFromDescription_MotorComprehensiveEarthQuake_ShouldReturnMotorSingleVehicle" fullname="Raci.B2C.Model.Test.Unit.Entity.DamageTypeGetDamageTypeFromDescriptionTests.GetDamageTypeFromDescription_MotorComprehensiveEarthQuake_ShouldReturnMotorSingleVehicle" methodname="GetDamageTypeFromDescription_MotorComprehensiveEarthQuake_ShouldReturnMotorSingleVehicle" classname="Raci.B2C.Model.Test.Unit.Entity.DamageTypeGetDamageTypeFromDescriptionTests" runstate="Runnable" seed="2077308962" result="Passed" start-time="2017-04-04 01:18:34Z" end-time="2017-04-04 01:18:34Z" duration="0.000677" asserts="0" />
                  <test-case id="4-1033" name="GetDamageTypeFromDescription_MotorComprehensiveFire_ShouldReturnMotorSingleVehicle" fullname="Raci.B2C.Model.Test.Unit.Entity.DamageTypeGetDamageTypeFromDescriptionTests.GetDamageTypeFromDescription_MotorComprehensiveFire_ShouldReturnMotorSingleVehicle" methodname="GetDamageTypeFromDescription_MotorComprehensiveFire_ShouldReturnMotorSingleVehicle" classname="Raci.B2C.Model.Test.Unit.Entity.DamageTypeGetDamageTypeFromDescriptionTests" runstate="Runnable" seed="330525717" result="Passed" start-time="2017-04-04 01:18:34Z" end-time="2017-04-04 01:18:34Z" duration="0.000672" asserts="0" />
                  <test-case id="4-1036" name="GetDamageTypeFromDescription_MotorComprehensiveFlood_ShouldReturnMotorSingleVehicle" fullname="Raci.B2C.Model.Test.Unit.Entity.DamageTypeGetDamageTypeFromDescriptionTests.GetDamageTypeFromDescription_MotorComprehensiveFlood_ShouldReturnMotorSingleVehicle" methodname="GetDamageTypeFromDescription_MotorComprehensiveFlood_ShouldReturnMotorSingleVehicle" classname="Raci.B2C.Model.Test.Unit.Entity.DamageTypeGetDamageTypeFromDescriptionTests" runstate="Runnable" seed="1841932949" result="Passed" start-time="2017-04-04 01:18:34Z" end-time="2017-04-04 01:18:34Z" duration="0.000655" asserts="0" />
                  <test-case id="4-1031" name="GetDamageTypeFromDescription_MotorComprehensiveGlassOnly_ShouldReturnMotorSingleVehicle" fullname="Raci.B2C.Model.Test.Unit.Entity.DamageTypeGetDamageTypeFromDescriptionTests.GetDamageTypeFromDescription_MotorComprehensiveGlassOnly_ShouldReturnMotorSingleVehicle" methodname="GetDamageTypeFromDescription_MotorComprehensiveGlassOnly_ShouldReturnMotorSingleVehicle" classname="Raci.B2C.Model.Test.Unit.Entity.DamageTypeGetDamageTypeFromDescriptionTests" runstate="Runnable" seed="2064206728" result="Passed" start-time="2017-04-04 01:18:34Z" end-time="2017-04-04 01:18:34Z" duration="0.000841" asserts="0" />
                  <test-case id="4-1032" name="GetDamageTypeFromDescription_MotorComprehensiveMaliciousDamage_ShouldReturnMotorSingleVehicle" fullname="Raci.B2C.Model.Test.Unit.Entity.DamageTypeGetDamageTypeFromDescriptionTests.GetDamageTypeFromDescription_MotorComprehensiveMaliciousDamage_ShouldReturnMotorSingleVehicle" methodname="GetDamageTypeFromDescription_MotorComprehensiveMaliciousDamage_ShouldReturnMotorSingleVehicle" classname="Raci.B2C.Model.Test.Unit.Entity.DamageTypeGetDamageTypeFromDescriptionTests" runstate="Runnable" seed="1536742024" result="Passed" start-time="2017-04-04 01:18:34Z" end-time="2017-04-04 01:18:34Z" duration="0.000620" asserts="0" />
                  <test-case id="4-1029" name="GetDamageTypeFromDescription_MotorComprehensiveMultiVehicle_ShouldReturnMotorSingleVehicle" fullname="Raci.B2C.Model.Test.Unit.Entity.DamageTypeGetDamageTypeFromDescriptionTests.GetDamageTypeFromDescription_MotorComprehensiveMultiVehicle_ShouldReturnMotorSingleVehicle" methodname="GetDamageTypeFromDescription_MotorComprehensiveMultiVehicle_ShouldReturnMotorSingleVehicle" classname="Raci.B2C.Model.Test.Unit.Entity.DamageTypeGetDamageTypeFromDescriptionTests" runstate="Runnable" seed="1043894500" result="Passed" start-time="2017-04-04 01:18:34Z" end-time="2017-04-04 01:18:34Z" duration="0.000617" asserts="0" />
                  <test-case id="4-1037" name="GetDamageTypeFromDescription_MotorComprehensiveOther_ShouldReturnMotorSingleVehicle" fullname="Raci.B2C.Model.Test.Unit.Entity.DamageTypeGetDamageTypeFromDescriptionTests.GetDamageTypeFromDescription_MotorComprehensiveOther_ShouldReturnMotorSingleVehicle" methodname="GetDamageTypeFromDescription_MotorComprehensiveOther_ShouldReturnMotorSingleVehicle" classname="Raci.B2C.Model.Test.Unit.Entity.DamageTypeGetDamageTypeFromDescriptionTests" runstate="Runnable" seed="527093387" result="Passed" start-time="2017-04-04 01:18:34Z" end-time="2017-04-04 01:18:34Z" duration="0.000627" asserts="0" />
                  <test-case id="4-1028" name="GetDamageTypeFromDescription_MotorComprehensiveSingleVehicle_ShouldReturnMotorSingleVehicle" fullname="Raci.B2C.Model.Test.Unit.Entity.DamageTypeGetDamageTypeFromDescriptionTests.GetDamageTypeFromDescription_MotorComprehensiveSingleVehicle_ShouldReturnMotorSingleVehicle" methodname="GetDamageTypeFromDescription_MotorComprehensiveSingleVehicle_ShouldReturnMotorSingleVehicle" classname="Raci.B2C.Model.Test.Unit.Entity.DamageTypeGetDamageTypeFromDescriptionTests" runstate="Runnable" seed="622207095" result="Passed" start-time="2017-04-04 01:18:34Z" end-time="2017-04-04 01:18:34Z" duration="0.000616" asserts="0" />
                  <test-case id="4-1034" name="GetDamageTypeFromDescription_MotorComprehensiveStorm_ShouldReturnMotorSingleVehicle" fullname="Raci.B2C.Model.Test.Unit.Entity.DamageTypeGetDamageTypeFromDescriptionTests.GetDamageTypeFromDescription_MotorComprehensiveStorm_ShouldReturnMotorSingleVehicle" methodname="GetDamageTypeFromDescription_MotorComprehensiveStorm_ShouldReturnMotorSingleVehicle" classname="Raci.B2C.Model.Test.Unit.Entity.DamageTypeGetDamageTypeFromDescriptionTests" runstate="Runnable" seed="858950109" result="Passed" start-time="2017-04-04 01:18:34Z" end-time="2017-04-04 01:18:34Z" duration="0.000473" asserts="0" />
                  <test-case id="4-1030" name="GetDamageTypeFromDescription_MotorComprehensiveTheft_ShouldReturnMotorSingleVehicle" fullname="Raci.B2C.Model.Test.Unit.Entity.DamageTypeGetDamageTypeFromDescriptionTests.GetDamageTypeFromDescription_MotorComprehensiveTheft_ShouldReturnMotorSingleVehicle" methodname="GetDamageTypeFromDescription_MotorComprehensiveTheft_ShouldReturnMotorSingleVehicle" classname="Raci.B2C.Model.Test.Unit.Entity.DamageTypeGetDamageTypeFromDescriptionTests" runstate="Runnable" seed="208017912" result="Passed" start-time="2017-04-04 01:18:34Z" end-time="2017-04-04 01:18:34Z" duration="0.000583" asserts="0" />
                  <test-case id="4-1027" name="GetDamageTypeFromDescription_MotorSingleVehicleWrongCoverType_ShouldReturnnull" fullname="Raci.B2C.Model.Test.Unit.Entity.DamageTypeGetDamageTypeFromDescriptionTests.GetDamageTypeFromDescription_MotorSingleVehicleWrongCoverType_ShouldReturnnull" methodname="GetDamageTypeFromDescription_MotorSingleVehicleWrongCoverType_ShouldReturnnull" classname="Raci.B2C.Model.Test.Unit.Entity.DamageTypeGetDamageTypeFromDescriptionTests" runstate="Runnable" seed="1735381751" result="Passed" start-time="2017-04-04 01:18:34Z" end-time="2017-04-04 01:18:34Z" duration="0.000706" asserts="0" />
                </test-suite>
                <test-suite type="TestFixture" id="4-1074" name="MembershipLevelTests" fullname="Raci.B2C.Model.Test.Unit.Entity.MembershipLevelTests" classname="Raci.B2C.Model.Test.Unit.Entity.MembershipLevelTests" runstate="Runnable" testcasecount="12" result="Passed" start-time="2017-04-04 01:18:34Z" end-time="2017-04-04 01:18:34Z" duration="0.030012" total="12" passed="12" failed="0" warnings="0" inconclusive="0" skipped="0" asserts="0">
                  <test-case id="4-1082" name="GetMaxYears_Blue_ShouldReturnFour" fullname="Raci.B2C.Model.Test.Unit.Entity.MembershipLevelTests.GetMaxYears_Blue_ShouldReturnFour" methodname="GetMaxYears_Blue_ShouldReturnFour" classname="Raci.B2C.Model.Test.Unit.Entity.MembershipLevelTests" runstate="Runnable" seed="1579812697" result="Passed" start-time="2017-04-04 01:18:34Z" end-time="2017-04-04 01:18:34Z" duration="0.002324" asserts="0" />
                  <test-case id="4-1083" name="GetMaxYears_Bronze_ShouldReturnNine" fullname="Raci.B2C.Model.Test.Unit.Entity.MembershipLevelTests.GetMaxYears_Bronze_ShouldReturnNine" methodname="GetMaxYears_Bronze_ShouldReturnNine" classname="Raci.B2C.Model.Test.Unit.Entity.MembershipLevelTests" runstate="Runnable" seed="689091594" result="Passed" start-time="2017-04-04 01:18:34Z" end-time="2017-04-04 01:18:34Z" duration="0.000273" asserts="0" />
                  <test-case id="4-1085" name="GetMaxYears_Gold_ShouldReturnMaxInt" fullname="Raci.B2C.Model.Test.Unit.Entity.MembershipLevelTests.GetMaxYears_Gold_ShouldReturnMaxInt" methodname="GetMaxYears_Gold_ShouldReturnMaxInt" classname="Raci.B2C.Model.Test.Unit.Entity.MembershipLevelTests" runstate="Runnable" seed="810219467" result="Passed" start-time="2017-04-04 01:18:34Z" end-time="2017-04-04 01:18:34Z" duration="0.000222" asserts="0" />
                  <test-case id="4-1086" name="GetMaxYears_InvalidValue_ShouldThrowException" fullname="Raci.B2C.Model.Test.Unit.Entity.MembershipLevelTests.GetMaxYears_InvalidValue_ShouldThrowException" methodname="GetMaxYears_InvalidValue_ShouldThrowException" classname="Raci.B2C.Model.Test.Unit.Entity.MembershipLevelTests" runstate="Runnable" seed="149710757" result="Passed" start-time="2017-04-04 01:18:34Z" end-time="2017-04-04 01:18:34Z" duration="0.004843" asserts="0" />
                  <test-case id="4-1081" name="GetMaxYears_NoDiscount_ShouldReturnMinusOne" fullname="Raci.B2C.Model.Test.Unit.Entity.MembershipLevelTests.GetMaxYears_NoDiscount_ShouldReturnMinusOne" methodname="GetMaxYears_NoDiscount_ShouldReturnMinusOne" classname="Raci.B2C.Model.Test.Unit.Entity.MembershipLevelTests" runstate="Runnable" seed="1666856604" result="Passed" start-time="2017-04-04 01:18:34Z" end-time="2017-04-04 01:18:34Z" duration="0.000162" asserts="0" />
                  <test-case id="4-1084" name="GetMaxYears_Silver_ShouldReturnTwentyFour" fullname="Raci.B2C.Model.Test.Unit.Entity.MembershipLevelTests.GetMaxYears_Silver_ShouldReturnTwentyFour" methodname="GetMaxYears_Silver_ShouldReturnTwentyFour" classname="Raci.B2C.Model.Test.Unit.Entity.MembershipLevelTests" runstate="Runnable" seed="423987317" result="Passed" start-time="2017-04-04 01:18:34Z" end-time="2017-04-04 01:18:34Z" duration="0.000205" asserts="0" />
                  <test-case id="4-1076" name="GetMinYears_Blue_ShouldReturnZero" fullname="Raci.B2C.Model.Test.Unit.Entity.MembershipLevelTests.GetMinYears_Blue_ShouldReturnZero" methodname="GetMinYears_Blue_ShouldReturnZero" classname="Raci.B2C.Model.Test.Unit.Entity.MembershipLevelTests" runstate="Runnable" seed="1692843389" result="Passed" start-time="2017-04-04 01:18:34Z" end-time="2017-04-04 01:18:34Z" duration="0.000200" asserts="0" />
                  <test-case id="4-1077" name="GetMinYears_Bronze_ShouldReturnFive" fullname="Raci.B2C.Model.Test.Unit.Entity.MembershipLevelTests.GetMinYears_Bronze_ShouldReturnFive" methodname="GetMinYears_Bronze_ShouldReturnFive" classname="Raci.B2C.Model.Test.Unit.Entity.MembershipLevelTests" runstate="Runnable" seed="1034657526" result="Passed" start-time="2017-04-04 01:18:34Z" end-time="2017-04-04 01:18:34Z" duration="0.000181" asserts="0" />
                  <test-case id="4-1079" name="GetMinYears_Gold_ShouldReturnTwentyFive" fullname="Raci.B2C.Model.Test.Unit.Entity.MembershipLevelTests.GetMinYears_Gold_ShouldReturnTwentyFive" methodname="GetMinYears_Gold_ShouldReturnTwentyFive" classname="Raci.B2C.Model.Test.Unit.Entity.MembershipLevelTests" runstate="Runnable" seed="139423097" result="Passed" start-time="2017-04-04 01:18:34Z" end-time="2017-04-04 01:18:34Z" duration="0.000182" asserts="0" />
                  <test-case id="4-1080" name="GetMinYears_InvalidValue_ShouldThrowException" fullname="Raci.B2C.Model.Test.Unit.Entity.MembershipLevelTests.GetMinYears_InvalidValue_ShouldThrowException" methodname="GetMinYears_InvalidValue_ShouldThrowException" classname="Raci.B2C.Model.Test.Unit.Entity.MembershipLevelTests" runstate="Runnable" seed="159244370" result="Passed" start-time="2017-04-04 01:18:34Z" end-time="2017-04-04 01:18:34Z" duration="0.000429" asserts="0" />
                  <test-case id="4-1075" name="GetMinYears_NoDiscount_ShouldReturnMinusOne" fullname="Raci.B2C.Model.Test.Unit.Entity.MembershipLevelTests.GetMinYears_NoDiscount_ShouldReturnMinusOne" methodname="GetMinYears_NoDiscount_ShouldReturnMinusOne" classname="Raci.B2C.Model.Test.Unit.Entity.MembershipLevelTests" runstate="Runnable" seed="680291486" result="Passed" start-time="2017-04-04 01:18:34Z" end-time="2017-04-04 01:18:34Z" duration="0.000216" asserts="0" />
                  <test-case id="4-1078" name="GetMinYears_Silver_ShouldReturnTen" fullname="Raci.B2C.Model.Test.Unit.Entity.MembershipLevelTests.GetMinYears_Silver_ShouldReturnTen" methodname="GetMinYears_Silver_ShouldReturnTen" classname="Raci.B2C.Model.Test.Unit.Entity.MembershipLevelTests" runstate="Runnable" seed="1742973419" result="Passed" start-time="2017-04-04 01:18:34Z" end-time="2017-04-04 01:18:34Z" duration="0.000216" asserts="0" />
                </test-suite>
              </test-suite>
              <test-suite type="TestSuite" id="4-1093" name="Util" fullname="Raci.B2C.Model.Test.Unit.Util" runstate="Runnable" testcasecount="18" result="Passed" start-time="2017-04-04 01:18:34Z" end-time="2017-04-04 01:18:34Z" duration="0.271996" total="18" passed="18" failed="0" warnings="0" inconclusive="0" skipped="0" asserts="0">
                <test-suite type="TestFixture" id="4-1000" name="HomePolicyExtensionTest" fullname="Raci.B2C.Model.Test.Unit.Util.HomePolicyExtensionTest" classname="Raci.B2C.Model.Test.Unit.Util.HomePolicyExtensionTest" runstate="Runnable" testcasecount="15" result="Passed" start-time="2017-04-04 01:18:34Z" end-time="2017-04-04 01:18:34Z" duration="0.038019" total="15" passed="15" failed="0" warnings="0" inconclusive="0" skipped="0" asserts="0">
                  <test-case id="4-1001" name="EligibleExtension_ForEligibleHomeContentsPolicy_IsTrue" fullname="Raci.B2C.Model.Test.Unit.Util.HomePolicyExtensionTest.EligibleExtension_ForEligibleHomeContentsPolicy_IsTrue" methodname="EligibleExtension_ForEligibleHomeContentsPolicy_IsTrue" classname="Raci.B2C.Model.Test.Unit.Util.HomePolicyExtensionTest" runstate="Runnable" seed="1119032119" result="Passed" start-time="2017-04-04 01:18:34Z" end-time="2017-04-04 01:18:34Z" duration="0.008351" asserts="0" />
                  <test-case id="4-1002" name="EligibleExtension_ForEligibleRentersContentsPolicy_IsTrue" fullname="Raci.B2C.Model.Test.Unit.Util.HomePolicyExtensionTest.EligibleExtension_ForEligibleRentersContentsPolicy_IsTrue" methodname="EligibleExtension_ForEligibleRentersContentsPolicy_IsTrue" classname="Raci.B2C.Model.Test.Unit.Util.HomePolicyExtensionTest" runstate="Runnable" seed="131972881" result="Passed" start-time="2017-04-04 01:18:34Z" end-time="2017-04-04 01:18:34Z" duration="0.000216" asserts="0" />
                  <test-case id="4-1003" name="EligibleExtension_ForIneligibleBuildingPolicy_IsFalse" fullname="Raci.B2C.Model.Test.Unit.Util.HomePolicyExtensionTest.EligibleExtension_ForIneligibleBuildingPolicy_IsFalse" methodname="EligibleExtension_ForIneligibleBuildingPolicy_IsFalse" classname="Raci.B2C.Model.Test.Unit.Util.HomePolicyExtensionTest" runstate="Runnable" seed="1819647760" result="Passed" start-time="2017-04-04 01:18:34Z" end-time="2017-04-04 01:18:34Z" duration="0.000862" asserts="0" />
                  <test-case id="4-1004" name="EligibleExtension_ForIneligibleOccupancyStatus_IsFalse" fullname="Raci.B2C.Model.Test.Unit.Util.HomePolicyExtensionTest.EligibleExtension_ForIneligibleOccupancyStatus_IsFalse" methodname="EligibleExtension_ForIneligibleOccupancyStatus_IsFalse" classname="Raci.B2C.Model.Test.Unit.Util.HomePolicyExtensionTest" runstate="Runnable" seed="1447422856" result="Passed" start-time="2017-04-04 01:18:34Z" end-time="2017-04-04 01:18:34Z" duration="0.000308" asserts="0" />
                  <test-case id="4-1012" name="HasPersonalValuables_HasNoPersonalValuables_IsFalse" fullname="Raci.B2C.Model.Test.Unit.Util.HomePolicyExtensionTest.HasPersonalValuables_HasNoPersonalValuables_IsFalse" methodname="HasPersonalValuables_HasNoPersonalValuables_IsFalse" classname="Raci.B2C.Model.Test.Unit.Util.HomePolicyExtensionTest" runstate="Runnable" seed="1403434241" result="Passed" start-time="2017-04-04 01:18:34Z" end-time="2017-04-04 01:18:34Z" duration="0.000538" asserts="0" />
                  <test-case id="4-1013" name="HasPersonalValuables_HasSpecifiedPV_IsTrue" fullname="Raci.B2C.Model.Test.Unit.Util.HomePolicyExtensionTest.HasPersonalValuables_HasSpecifiedPV_IsTrue" methodname="HasPersonalValuables_HasSpecifiedPV_IsTrue" classname="Raci.B2C.Model.Test.Unit.Util.HomePolicyExtensionTest" runstate="Runnable" seed="1445708218" result="Passed" start-time="2017-04-04 01:18:34Z" end-time="2017-04-04 01:18:34Z" duration="0.000357" asserts="0" />
                  <test-case id="4-1015" name="HasPersonalValuables_HasUnspecifiedAndSpecifiedPV_IsTrue" fullname="Raci.B2C.Model.Test.Unit.Util.HomePolicyExtensionTest.HasPersonalValuables_HasUnspecifiedAndSpecifiedPV_IsTrue" methodname="HasPersonalValuables_HasUnspecifiedAndSpecifiedPV_IsTrue" classname="Raci.B2C.Model.Test.Unit.Util.HomePolicyExtensionTest" runstate="Runnable" seed="826713720" result="Passed" start-time="2017-04-04 01:18:34Z" end-time="2017-04-04 01:18:34Z" duration="0.000308" asserts="0" />
                  <test-case id="4-1014" name="HasPersonalValuables_HasUnspecifiedPV_IsTrue" fullname="Raci.B2C.Model.Test.Unit.Util.HomePolicyExtensionTest.HasPersonalValuables_HasUnspecifiedPV_IsTrue" methodname="HasPersonalValuables_HasUnspecifiedPV_IsTrue" classname="Raci.B2C.Model.Test.Unit.Util.HomePolicyExtensionTest" runstate="Runnable" seed="1265452625" result="Passed" start-time="2017-04-04 01:18:34Z" end-time="2017-04-04 01:18:34Z" duration="0.000224" asserts="0" />
                  <test-case id="4-1005" name="ShowPersonalValuables_IsEligibleHasNoPV_IsTrue" fullname="Raci.B2C.Model.Test.Unit.Util.HomePolicyExtensionTest.ShowPersonalValuables_IsEligibleHasNoPV_IsTrue" methodname="ShowPersonalValuables_IsEligibleHasNoPV_IsTrue" classname="Raci.B2C.Model.Test.Unit.Util.HomePolicyExtensionTest" runstate="Runnable" seed="2114087271" result="Passed" start-time="2017-04-04 01:18:34Z" end-time="2017-04-04 01:18:34Z" duration="0.000356" asserts="0" />
                  <test-case id="4-1008" name="ShowPersonalValuables_IsEligibleHasSpecifiedAndUnspecifiedPV_IsTrue" fullname="Raci.B2C.Model.Test.Unit.Util.HomePolicyExtensionTest.ShowPersonalValuables_IsEligibleHasSpecifiedAndUnspecifiedPV_IsTrue" methodname="ShowPersonalValuables_IsEligibleHasSpecifiedAndUnspecifiedPV_IsTrue" classname="Raci.B2C.Model.Test.Unit.Util.HomePolicyExtensionTest" runstate="Runnable" seed="527970529" result="Passed" start-time="2017-04-04 01:18:34Z" end-time="2017-04-04 01:18:34Z" duration="0.000264" asserts="0" />
                  <test-case id="4-1007" name="ShowPersonalValuables_IsEligibleHasSpecifiedPV_IsTrue" fullname="Raci.B2C.Model.Test.Unit.Util.HomePolicyExtensionTest.ShowPersonalValuables_IsEligibleHasSpecifiedPV_IsTrue" methodname="ShowPersonalValuables_IsEligibleHasSpecifiedPV_IsTrue" classname="Raci.B2C.Model.Test.Unit.Util.HomePolicyExtensionTest" runstate="Runnable" seed="1955768591" result="Passed" start-time="2017-04-04 01:18:34Z" end-time="2017-04-04 01:18:34Z" duration="0.000316" asserts="0" />
                  <test-case id="4-1006" name="ShowPersonalValuables_IsEligibleHasUnspecifiedPV_IsTrue" fullname="Raci.B2C.Model.Test.Unit.Util.HomePolicyExtensionTest.ShowPersonalValuables_IsEligibleHasUnspecifiedPV_IsTrue" methodname="ShowPersonalValuables_IsEligibleHasUnspecifiedPV_IsTrue" classname="Raci.B2C.Model.Test.Unit.Util.HomePolicyExtensionTest" runstate="Runnable" seed="889466105" result="Passed" start-time="2017-04-04 01:18:34Z" end-time="2017-04-04 01:18:34Z" duration="0.000306" asserts="0" />
                  <test-case id="4-1011" name="ShowPersonalValuables_IsIneligibleHasSpecifiedAndUnspecifiedPV_IsTrue" fullname="Raci.B2C.Model.Test.Unit.Util.HomePolicyExtensionTest.ShowPersonalValuables_IsIneligibleHasSpecifiedAndUnspecifiedPV_IsTrue" methodname="ShowPersonalValuables_IsIneligibleHasSpecifiedAndUnspecifiedPV_IsTrue" classname="Raci.B2C.Model.Test.Unit.Util.HomePolicyExtensionTest" runstate="Runnable" seed="2053846292" result="Passed" start-time="2017-04-04 01:18:34Z" end-time="2017-04-04 01:18:34Z" duration="0.000318" asserts="0" />
                  <test-case id="4-1010" name="ShowPersonalValuables_IsIneligibleHasSpecifiedPV_IsTrue" fullname="Raci.B2C.Model.Test.Unit.Util.HomePolicyExtensionTest.ShowPersonalValuables_IsIneligibleHasSpecifiedPV_IsTrue" methodname="ShowPersonalValuables_IsIneligibleHasSpecifiedPV_IsTrue" classname="Raci.B2C.Model.Test.Unit.Util.HomePolicyExtensionTest" runstate="Runnable" seed="538914729" result="Passed" start-time="2017-04-04 01:18:34Z" end-time="2017-04-04 01:18:34Z" duration="0.000299" asserts="0" />
                  <test-case id="4-1009" name="ShowPersonalValuables_IsIneligibleHasUnspecifiedPV_IsTrue" fullname="Raci.B2C.Model.Test.Unit.Util.HomePolicyExtensionTest.ShowPersonalValuables_IsIneligibleHasUnspecifiedPV_IsTrue" methodname="ShowPersonalValuables_IsIneligibleHasUnspecifiedPV_IsTrue" classname="Raci.B2C.Model.Test.Unit.Util.HomePolicyExtensionTest" runstate="Runnable" seed="1475575530" result="Passed" start-time="2017-04-04 01:18:34Z" end-time="2017-04-04 01:18:34Z" duration="0.000301" asserts="0" />
                </test-suite>
                <test-suite type="TestFixture" id="4-1016" name="InstalmentUtliTests" fullname="Raci.B2C.Model.Test.Unit.Util.InstalmentUtliTests" classname="Raci.B2C.Model.Test.Unit.Util.InstalmentUtliTests" runstate="Runnable" testcasecount="1" result="Passed" start-time="2017-04-04 01:18:34Z" end-time="2017-04-04 01:18:34Z" duration="0.004010" total="1" passed="1" failed="0" warnings="0" inconclusive="0" skipped="0" asserts="0">
                  <test-case id="4-1017" name="GetPendingInstalments_ListOfInstalments_PendingInstalments" fullname="Raci.B2C.Model.Test.Unit.Util.InstalmentUtliTests.GetPendingInstalments_ListOfInstalments_PendingInstalments" methodname="GetPendingInstalments_ListOfInstalments_PendingInstalments" classname="Raci.B2C.Model.Test.Unit.Util.InstalmentUtliTests" runstate="Runnable" seed="1873189299" result="Passed" start-time="2017-04-04 01:18:34Z" end-time="2017-04-04 01:18:34Z" duration="0.002256" asserts="0" />
                </test-suite>
                <test-suite type="TestFixture" id="4-1018" name="PolicyExtensionUtilTest" fullname="Raci.B2C.Model.Test.Unit.Util.PolicyExtensionUtilTest" classname="Raci.B2C.Model.Test.Unit.Util.PolicyExtensionUtilTest" runstate="Runnable" testcasecount="2" result="Passed" start-time="2017-04-04 01:18:34Z" end-time="2017-04-04 01:18:34Z" duration="0.004025" total="2" passed="2" failed="0" warnings="0" inconclusive="0" skipped="0" asserts="0">
                  <test-case id="4-1020" name="IsCurrentEndorsement_PolicyWithOtherEndorsement_True" fullname="Raci.B2C.Model.Test.Unit.Util.PolicyExtensionUtilTest.IsCurrentEndorsement_PolicyWithOtherEndorsement_True" methodname="IsCurrentEndorsement_PolicyWithOtherEndorsement_True" classname="Raci.B2C.Model.Test.Unit.Util.PolicyExtensionUtilTest" runstate="Runnable" seed="1889791118" result="Passed" start-time="2017-04-04 01:18:34Z" end-time="2017-04-04 01:18:34Z" duration="0.000663" asserts="0" />
                  <test-case id="4-1019" name="IsCurrentEndorsement_RenewedPolicy_True" fullname="Raci.B2C.Model.Test.Unit.Util.PolicyExtensionUtilTest.IsCurrentEndorsement_RenewedPolicy_True" methodname="IsCurrentEndorsement_RenewedPolicy_True" classname="Raci.B2C.Model.Test.Unit.Util.PolicyExtensionUtilTest" runstate="Runnable" seed="111366951" result="Passed" start-time="2017-04-04 01:18:34Z" end-time="2017-04-04 01:18:34Z" duration="0.000214" asserts="0" />
                </test-suite>
              </test-suite>
            </test-suite>
          </test-suite>
        </test-suite>
      </test-suite>
    </test-suite>
  </test-suite>
  <test-suite type="Assembly" id="5-1046" name="Raci.B2C.Web.Test.Unit.dll" fullname="D:\b2cpcm\b2c-pcm\Implementation\DotNet\Raci.B2C\Raci.B2C.Web.Test.Unit\bin\Debug\Raci.B2C.Web.Test.Unit.dll" runstate="Runnable" testcasecount="38" result="Passed" start-time="2017-04-04 01:18:34Z" end-time="2017-04-04 01:18:35Z" duration="1.089880" total="38" passed="38" failed="0" warnings="0" inconclusive="0" skipped="0" asserts="89">
    <environment framework-version="3.6.1.0" clr-version="4.0.30319.42000" os-version="Microsoft Windows NT 6.1.7601 Service Pack 1" platform="Win32NT" cwd="D:\apps\nunit-console\nunit-console" machine-name="RAC-39641" user="bridge0a" user-domain="RAC" culture="en-AU" uiculture="en-US" os-architecture="x64" />
    <settings>
      <setting name="DisposeRunners" value="True" />
      <setting name="WorkDirectory" value="D:\apps\nunit-console\nunit-console" />
      <setting name="ImageRuntimeVersion" value="4.0.30319" />
      <setting name="ImageTargetFrameworkName" value=".NETFramework,Version=v4.5" />
      <setting name="ImageRequiresX86" value="False" />
      <setting name="ImageRequiresDefaultAppDomainAssemblyResolver" value="False" />
      <setting name="NumberOfTestWorkers" value="8" />
    </settings>
    <properties>
      <property name="_PID" value="21948" />
      <property name="_APPDOMAIN" value="domain-86e9d22c-Raci.B2C.Web.Test.Unit.dll" />
    </properties>
    <test-suite type="TestSuite" id="5-1047" name="Raci" fullname="Raci" runstate="Runnable" testcasecount="38" result="Passed" start-time="2017-04-04 01:18:34Z" end-time="2017-04-04 01:18:35Z" duration="1.067969" total="38" passed="38" failed="0" warnings="0" inconclusive="0" skipped="0" asserts="89">
      <test-suite type="TestSuite" id="5-1048" name="B2C" fullname="Raci.B2C" runstate="Runnable" testcasecount="38" result="Passed" start-time="2017-04-04 01:18:34Z" end-time="2017-04-04 01:18:35Z" duration="1.065979" total="38" passed="38" failed="0" warnings="0" inconclusive="0" skipped="0" asserts="89">
        <test-suite type="TestSuite" id="5-1049" name="Web" fullname="Raci.B2C.Web" runstate="Runnable" testcasecount="38" result="Passed" start-time="2017-04-04 01:18:34Z" end-time="2017-04-04 01:18:35Z" duration="1.063979" total="38" passed="38" failed="0" warnings="0" inconclusive="0" skipped="0" asserts="89">
          <test-suite type="TestSuite" id="5-1050" name="Test" fullname="Raci.B2C.Web.Test" runstate="Runnable" testcasecount="38" result="Passed" start-time="2017-04-04 01:18:34Z" end-time="2017-04-04 01:18:35Z" duration="1.061991" total="38" passed="38" failed="0" warnings="0" inconclusive="0" skipped="0" asserts="89">
            <test-suite type="TestSuite" id="5-1051" name="Unit" fullname="Raci.B2C.Web.Test.Unit" runstate="Runnable" testcasecount="38" result="Passed" start-time="2017-04-04 01:18:34Z" end-time="2017-04-04 01:18:35Z" duration="1.056237" total="38" passed="38" failed="0" warnings="0" inconclusive="0" skipped="0" asserts="89">
              <test-suite type="TestSuite" id="5-1052" name="Areas" fullname="Raci.B2C.Web.Test.Unit.Areas" runstate="Runnable" testcasecount="38" result="Passed" start-time="2017-04-04 01:18:34Z" end-time="2017-04-04 01:18:35Z" duration="1.054969" total="38" passed="38" failed="0" warnings="0" inconclusive="0" skipped="0" asserts="89">
                <test-suite type="TestSuite" id="5-1059" name="Claim2" fullname="Raci.B2C.Web.Test.Unit.Areas.Claim2" runstate="Runnable" testcasecount="13" result="Passed" start-time="2017-04-04 01:18:34Z" end-time="2017-04-04 01:18:34Z" duration="0.418999" total="13" passed="13" failed="0" warnings="0" inconclusive="0" skipped="0" asserts="1">
                  <test-suite type="TestSuite" id="5-1060" name="Models" fullname="Raci.B2C.Web.Test.Unit.Areas.Claim2.Models" runstate="Runnable" testcasecount="13" result="Passed" start-time="2017-04-04 01:18:34Z" end-time="2017-04-04 01:18:34Z" duration="0.416989" total="13" passed="13" failed="0" warnings="0" inconclusive="0" skipped="0" asserts="1">
                    <test-suite type="TestSuite" id="5-1062" name="Events" fullname="Raci.B2C.Web.Test.Unit.Areas.Claim2.Models.Events" runstate="Runnable" testcasecount="7" result="Passed" start-time="2017-04-04 01:18:34Z" end-time="2017-04-04 01:18:34Z" duration="0.287827" total="7" passed="7" failed="0" warnings="0" inconclusive="0" skipped="0" asserts="1">
                      <test-suite type="TestFixture" id="5-1038" name="ClaimStateEventStoreTest" fullname="Raci.B2C.Web.Test.Unit.Areas.Claim2.Models.Events.ClaimStateEventStoreTest" classname="Raci.B2C.Web.Test.Unit.Areas.Claim2.Models.Events.ClaimStateEventStoreTest" runstate="Runnable" testcasecount="7" result="Passed" start-time="2017-04-04 01:18:34Z" end-time="2017-04-04 01:18:34Z" duration="0.274884" total="7" passed="7" failed="0" warnings="0" inconclusive="0" skipped="0" asserts="1">
                        <test-case id="5-1045" name="CheckEventEligibility_InvalidEvent_ReturnsFalseAndDoesNotFail" fullname="Raci.B2C.Web.Test.Unit.Areas.Claim2.Models.Events.ClaimStateEventStoreTest.CheckEventEligibility_InvalidEvent_ReturnsFalseAndDoesNotFail" methodname="CheckEventEligibility_InvalidEvent_ReturnsFalseAndDoesNotFail" classname="Raci.B2C.Web.Test.Unit.Areas.Claim2.Models.Events.ClaimStateEventStoreTest" runstate="Runnable" seed="327245388" result="Passed" start-time="2017-04-04 01:18:34Z" end-time="2017-04-04 01:18:34Z" duration="0.242170" asserts="0" />
                        <test-case id="5-1044" name="CheckEventEligibility_ValidEvent_ReturnsTrueAndDoesNotRecord" fullname="Raci.B2C.Web.Test.Unit.Areas.Claim2.Models.Events.ClaimStateEventStoreTest.CheckEventEligibility_ValidEvent_ReturnsTrueAndDoesNotRecord" methodname="CheckEventEligibility_ValidEvent_ReturnsTrueAndDoesNotRecord" classname="Raci.B2C.Web.Test.Unit.Areas.Claim2.Models.Events.ClaimStateEventStoreTest" runstate="Runnable" seed="1987457270" result="Passed" start-time="2017-04-04 01:18:34Z" end-time="2017-04-04 01:18:34Z" duration="0.000704" asserts="0" />
                        <test-case id="5-1039" name="RecordEvent_RecordEventWithNoPrerequisites_Succeeds" fullname="Raci.B2C.Web.Test.Unit.Areas.Claim2.Models.Events.ClaimStateEventStoreTest.RecordEvent_RecordEventWithNoPrerequisites_Succeeds" methodname="RecordEvent_RecordEventWithNoPrerequisites_Succeeds" classname="Raci.B2C.Web.Test.Unit.Areas.Claim2.Models.Events.ClaimStateEventStoreTest" runstate="Runnable" seed="1289164890" result="Passed" start-time="2017-04-04 01:18:34Z" end-time="2017-04-04 01:18:34Z" duration="0.000721" asserts="0" />
                        <test-case id="5-1040" name="RecordEvent_RecordEventWithPrerequisites_Succeeds" fullname="Raci.B2C.Web.Test.Unit.Areas.Claim2.Models.Events.ClaimStateEventStoreTest.RecordEvent_RecordEventWithPrerequisites_Succeeds" methodname="RecordEvent_RecordEventWithPrerequisites_Succeeds" classname="Raci.B2C.Web.Test.Unit.Areas.Claim2.Models.Events.ClaimStateEventStoreTest" runstate="Runnable" seed="1783146774" result="Passed" start-time="2017-04-04 01:18:34Z" end-time="2017-04-04 01:18:34Z" duration="0.000264" asserts="0" />
                        <test-case id="5-1042" name="RecordEvent_RecordIllegalEventWithoutTry_ThrowsInvalidOperationException" fullname="Raci.B2C.Web.Test.Unit.Areas.Claim2.Models.Events.ClaimStateEventStoreTest.RecordEvent_RecordIllegalEventWithoutTry_ThrowsInvalidOperationException" methodname="RecordEvent_RecordIllegalEventWithoutTry_ThrowsInvalidOperationException" classname="Raci.B2C.Web.Test.Unit.Areas.Claim2.Models.Events.ClaimStateEventStoreTest" runstate="Runnable" seed="1551599446" result="Passed" start-time="2017-04-04 01:18:34Z" end-time="2017-04-04 01:18:34Z" duration="0.009328" asserts="1" />
                        <test-case id="5-1041" name="RecordEvent_RecordUniqueEventMoreThanOnce_Fails" fullname="Raci.B2C.Web.Test.Unit.Areas.Claim2.Models.Events.ClaimStateEventStoreTest.RecordEvent_RecordUniqueEventMoreThanOnce_Fails" methodname="RecordEvent_RecordUniqueEventMoreThanOnce_Fails" classname="Raci.B2C.Web.Test.Unit.Areas.Claim2.Models.Events.ClaimStateEventStoreTest" runstate="Runnable" seed="466712973" result="Passed" start-time="2017-04-04 01:18:34Z" end-time="2017-04-04 01:18:34Z" duration="0.000466" asserts="0" />
                        <test-case id="5-1043" name="RecordEvent_RecordWithoutPrerequesiteEvent_Fails" fullname="Raci.B2C.Web.Test.Unit.Areas.Claim2.Models.Events.ClaimStateEventStoreTest.RecordEvent_RecordWithoutPrerequesiteEvent_Fails" methodname="RecordEvent_RecordWithoutPrerequesiteEvent_Fails" classname="Raci.B2C.Web.Test.Unit.Areas.Claim2.Models.Events.ClaimStateEventStoreTest" runstate="Runnable" seed="1733886231" result="Passed" start-time="2017-04-04 01:18:34Z" end-time="2017-04-04 01:18:34Z" duration="0.000273" asserts="0" />
                      </test-suite>
                    </test-suite>
[...]
                          <properties>
                            <property name="Description" value="Map a QuotePolicyContact who is a Motor B2C anonymous prospect to a Contact" />
                          </properties>
                        </test-case>
                        <test-case id="5-1020" name="QuotePolicyContactMapping_WithB2CPrefix_ShouldMapValuesCorrectly" fullname="Raci.B2C.Web.Test.Unit.Areas.Quote.FormHandlers.Mapping.QuotePolicyContactMappingTests.QuotePolicyContactMapping_WithB2CPrefix_ShouldMapValuesCorrectly" methodname="QuotePolicyContactMapping_WithB2CPrefix_ShouldMapValuesCorrectly" classname="Raci.B2C.Web.Test.Unit.Areas.Quote.FormHandlers.Mapping.QuotePolicyContactMappingTests" runstate="Runnable" seed="2075033140" result="Passed" start-time="2017-04-04 01:18:34Z" end-time="2017-04-04 01:18:34Z" duration="0.000961" asserts="21">
                          <properties>
                            <property name="Description" value="Map a QuotePolicyContact with _B2C_ prefix to a Contact" />
                          </properties>
                        </test-case>
                        <test-case id="5-1021" name="QuotePolicyContactMapping_WithoutB2CPrefix_ShouldMapValuesCorrectly" fullname="Raci.B2C.Web.Test.Unit.Areas.Quote.FormHandlers.Mapping.QuotePolicyContactMappingTests.QuotePolicyContactMapping_WithoutB2CPrefix_ShouldMapValuesCorrectly" methodname="QuotePolicyContactMapping_WithoutB2CPrefix_ShouldMapValuesCorrectly" classname="Raci.B2C.Web.Test.Unit.Areas.Quote.FormHandlers.Mapping.QuotePolicyContactMappingTests" runstate="Runnable" seed="1119832394" result="Passed" start-time="2017-04-04 01:18:34Z" end-time="2017-04-04 01:18:34Z" duration="0.000537" asserts="21">
                          <properties>
                            <property name="Description" value="Map a QuotePolicyContact without _B2C_ prefix to a Contact" />
                          </properties>
                        </test-case>
                      </test-suite>
                    </test-suite>
                  </test-suite>
                  <test-suite type="TestSuite" id="5-1055" name="Models" fullname="Raci.B2C.Web.Test.Unit.Areas.Quote.Models" runstate="Runnable" testcasecount="6" result="Passed" start-time="2017-04-04 01:18:34Z" end-time="2017-04-04 01:18:34Z" duration="0.518999" total="6" passed="6" failed="0" warnings="0" inconclusive="0" skipped="0" asserts="0">
                    <test-suite type="TestSuite" id="5-1056" name="Extensions" fullname="Raci.B2C.Web.Test.Unit.Areas.Quote.Models.Extensions" runstate="Runnable" testcasecount="6" result="Passed" start-time="2017-04-04 01:18:34Z" end-time="2017-04-04 01:18:34Z" duration="0.516696" total="6" passed="6" failed="0" warnings="0" inconclusive="0" skipped="0" asserts="0">
                      <test-suite type="TestFixture" id="5-1012" name="B2CAnonymousExtensionsTests" fullname="Raci.B2C.Web.Test.Unit.Areas.Quote.Models.Extensions.B2CAnonymousExtensionsTests" classname="Raci.B2C.Web.Test.Unit.Areas.Quote.Models.Extensions.B2CAnonymousExtensionsTests" runstate="Runnable" testcasecount="6" result="Passed" start-time="2017-04-04 01:18:34Z" end-time="2017-04-04 01:18:34Z" duration="0.016545" total="6" passed="6" failed="0" warnings="0" inconclusive="0" skipped="0" asserts="0">
                        <properties>
                          <property name="Feature" value="Retrieve Quote" />
                        </properties>
                        <test-case id="5-1015" name="CleanseB2CAnonymousName_B2CTemporaryContact_ReturnsCorrectNames" fullname="Raci.B2C.Web.Test.Unit.Areas.Quote.Models.Extensions.B2CAnonymousExtensionsTests.CleanseB2CAnonymousName_B2CTemporaryContact_ReturnsCorrectNames" methodname="CleanseB2CAnonymousName_B2CTemporaryContact_ReturnsCorrectNames" classname="Raci.B2C.Web.Test.Unit.Areas.Quote.Models.Extensions.B2CAnonymousExtensionsTests" runstate="Runnable" seed="1882541796" result="Passed" start-time="2017-04-04 01:18:34Z" end-time="2017-04-04 01:18:34Z" duration="0.001886" asserts="0">
                          <properties>
                            <property name="Description" value="Cleanse a B2C temporary contact (_B2C_Joe _B2C_Bloggs)" />
                          </properties>
                        </test-case>
                        <test-case id="5-1013" name="CleanseB2CAnonymousName_HomeInitialAnonProspect_ReturnsEmptyFields" fullname="Raci.B2C.Web.Test.Unit.Areas.Quote.Models.Extensions.B2CAnonymousExtensionsTests.CleanseB2CAnonymousName_HomeInitialAnonProspect_ReturnsEmptyFields" methodname="CleanseB2CAnonymousName_HomeInitialAnonProspect_ReturnsEmptyFields" classname="Raci.B2C.Web.Test.Unit.Areas.Quote.Models.Extensions.B2CAnonymousExtensionsTests" runstate="Runnable" seed="717957245" result="Passed" start-time="2017-04-04 01:18:34Z" end-time="2017-04-04 01:18:34Z" duration="0.000317" asserts="0">
                          <properties>
                            <property name="Description" value="Cleanse a B2C home initial prospect (_B2C _Anon_Home_Prospect)" />
                          </properties>
                        </test-case>
                        <test-case id="5-1014" name="CleanseB2CAnonymousName_MotorInitialAnonProspect_ReturnsEmptyFields" fullname="Raci.B2C.Web.Test.Unit.Areas.Quote.Models.Extensions.B2CAnonymousExtensionsTests.CleanseB2CAnonymousName_MotorInitialAnonProspect_ReturnsEmptyFields" methodname="CleanseB2CAnonymousName_MotorInitialAnonProspect_ReturnsEmptyFields" classname="Raci.B2C.Web.Test.Unit.Areas.Quote.Models.Extensions.B2CAnonymousExtensionsTests" runstate="Runnable" seed="2085135377" result="Passed" start-time="2017-04-04 01:18:34Z" end-time="2017-04-04 01:18:34Z" duration="0.000658" asserts="0">
                          <properties>
                            <property name="Description" value="Cleanse a B2C motor initial prospect (_B2C _Anon_Web_Driver)" />
                          </properties>
                        </test-case>
                        <test-case id="5-1016" name="IsAnonymousProspect_HomeInitialAnonProspect_ReturnsTrue" fullname="Raci.B2C.Web.Test.Unit.Areas.Quote.Models.Extensions.B2CAnonymousExtensionsTests.IsAnonymousProspect_HomeInitialAnonProspect_ReturnsTrue" methodname="IsAnonymousProspect_HomeInitialAnonProspect_ReturnsTrue" classname="Raci.B2C.Web.Test.Unit.Areas.Quote.Models.Extensions.B2CAnonymousExtensionsTests" runstate="Runnable" seed="1639021967" result="Passed" start-time="2017-04-04 01:18:34Z" end-time="2017-04-04 01:18:34Z" duration="0.000902" asserts="0">
                          <properties>
                            <property name="Description" value="IsAnonymousProspect - home inital anonymous prospect returns true" />
                          </properties>
                        </test-case>
                        <test-case id="5-1017" name="IsAnonymousProspect_MotorInitialAnonProspect_ReturnsTrue" fullname="Raci.B2C.Web.Test.Unit.Areas.Quote.Models.Extensions.B2CAnonymousExtensionsTests.IsAnonymousProspect_MotorInitialAnonProspect_ReturnsTrue" methodname="IsAnonymousProspect_MotorInitialAnonProspect_ReturnsTrue" classname="Raci.B2C.Web.Test.Unit.Areas.Quote.Models.Extensions.B2CAnonymousExtensionsTests" runstate="Runnable" seed="642064462" result="Passed" start-time="2017-04-04 01:18:34Z" end-time="2017-04-04 01:18:34Z" duration="0.000358" asserts="0">
                          <properties>
                            <property name="Description" value="IsAnonymousProspect - motor inital anonymous prospect returns true" />
                          </properties>
                        </test-case>
                        <test-case id="5-1018" name="IsAnonymousProspect_NonAnonymousProspect_ReturnsFalse" fullname="Raci.B2C.Web.Test.Unit.Areas.Quote.Models.Extensions.B2CAnonymousExtensionsTests.IsAnonymousProspect_NonAnonymousProspect_ReturnsFalse" methodname="IsAnonymousProspect_NonAnonymousProspect_ReturnsFalse" classname="Raci.B2C.Web.Test.Unit.Areas.Quote.Models.Extensions.B2CAnonymousExtensionsTests" runstate="Runnable" seed="647034197" result="Passed" start-time="2017-04-04 01:18:34Z" end-time="2017-04-04 01:18:34Z" duration="0.000554" asserts="0">
                          <properties>
                            <property name="Description" value="IsAnonymousProspect - non-anonymous contact returns false" />
                          </properties>
                        </test-case>
                      </test-suite>
                    </test-suite>
                  </test-suite>
                </test-suite>
                <test-suite type="TestSuite" id="5-1053" name="Shared" fullname="Raci.B2C.Web.Test.Unit.Areas.Shared" runstate="Runnable" testcasecount="11" result="Passed" start-time="2017-04-04 01:18:34Z" end-time="2017-04-04 01:18:35Z" duration="1.041585" total="11" passed="11" failed="0" warnings="0" inconclusive="0" skipped="0" asserts="0">
                  <test-suite type="TestFixture" id="5-1000" name="ContactServiceTests" fullname="Raci.B2C.Web.Test.Unit.Areas.Shared.ContactServiceTests" classname="Raci.B2C.Web.Test.Unit.Areas.Shared.ContactServiceTests" runstate="Runnable" testcasecount="11" result="Passed" start-time="2017-04-04 01:18:34Z" end-time="2017-04-04 01:18:35Z" duration="0.521906" total="11" passed="11" failed="0" warnings="0" inconclusive="0" skipped="0" asserts="0">
                    <test-case id="5-1001" name="MemberValidation_CorrectDetails_ValidationShouldBeSuccess" fullname="Raci.B2C.Web.Test.Unit.Areas.Shared.ContactServiceTests.MemberValidation_CorrectDetails_ValidationShouldBeSuccess" methodname="MemberValidation_CorrectDetails_ValidationShouldBeSuccess" classname="Raci.B2C.Web.Test.Unit.Areas.Shared.ContactServiceTests" runstate="Runnable" seed="297980190" result="Passed" start-time="2017-04-04 01:18:34Z" end-time="2017-04-04 01:18:35Z" duration="0.453368" asserts="0" />
                    <test-case id="5-1004" name="MemberValidation_Free2GoMember_ValidationShouldBeNotRun" fullname="Raci.B2C.Web.Test.Unit.Areas.Shared.ContactServiceTests.MemberValidation_Free2GoMember_ValidationShouldBeNotRun" methodname="MemberValidation_Free2GoMember_ValidationShouldBeNotRun" classname="Raci.B2C.Web.Test.Unit.Areas.Shared.ContactServiceTests" runstate="Runnable" seed="1013938850" result="Passed" start-time="2017-04-04 01:18:35Z" end-time="2017-04-04 01:18:35Z" duration="0.001938" asserts="0" />
                    <test-case id="5-1010" name="MemberValidation_IncorrectDateOfBirth_ValidationShouldBeMemberDobMismatch" fullname="Raci.B2C.Web.Test.Unit.Areas.Shared.ContactServiceTests.MemberValidation_IncorrectDateOfBirth_ValidationShouldBeMemberDobMismatch" methodname="MemberValidation_IncorrectDateOfBirth_ValidationShouldBeMemberDobMismatch" classname="Raci.B2C.Web.Test.Unit.Areas.Shared.ContactServiceTests" runstate="Runnable" seed="653498749" result="Passed" start-time="2017-04-04 01:18:35Z" end-time="2017-04-04 01:18:35Z" duration="0.001596" asserts="0" />
                    <test-case id="5-1008" name="MemberValidation_IncorrectMemberLevel_ValidationShouldBeMemberLevelMismatch" fullname="Raci.B2C.Web.Test.Unit.Areas.Shared.ContactServiceTests.MemberValidation_IncorrectMemberLevel_ValidationShouldBeMemberLevelMismatch" methodname="MemberValidation_IncorrectMemberLevel_ValidationShouldBeMemberLevelMismatch" classname="Raci.B2C.Web.Test.Unit.Areas.Shared.ContactServiceTests" runstate="Runnable" seed="962606768" result="Passed" start-time="2017-04-04 01:18:35Z" end-time="2017-04-04 01:18:35Z" duration="0.001324" asserts="0" />
                    <test-case id="5-1006" name="MemberValidation_IncorrectNumber_ValidationShouldBeFailed" fullname="Raci.B2C.Web.Test.Unit.Areas.Shared.ContactServiceTests.MemberValidation_IncorrectNumber_ValidationShouldBeFailed" methodname="MemberValidation_IncorrectNumber_ValidationShouldBeFailed" classname="Raci.B2C.Web.Test.Unit.Areas.Shared.ContactServiceTests" runstate="Runnable" seed="1122542730" result="Passed" start-time="2017-04-04 01:18:35Z" end-time="2017-04-04 01:18:35Z" duration="0.001836" asserts="0" />
                    <test-case id="5-1009" name="MemberValidation_IncorrectPersonalDetails_ValidationShouldBeMemberDetailsMismatch" fullname="Raci.B2C.Web.Test.Unit.Areas.Shared.ContactServiceTests.MemberValidation_IncorrectPersonalDetails_ValidationShouldBeMemberDetailsMismatch" methodname="MemberValidation_IncorrectPersonalDetails_ValidationShouldBeMemberDetailsMismatch" classname="Raci.B2C.Web.Test.Unit.Areas.Shared.ContactServiceTests" runstate="Runnable" seed="2011215687" result="Passed" start-time="2017-04-04 01:18:35Z" end-time="2017-04-04 01:18:35Z" duration="0.001120" asserts="0" />
                    <test-case id="5-1011" name="MemberValidation_IncorrectSurname_ValidationShouldBeMemberSurnameMismatch" fullname="Raci.B2C.Web.Test.Unit.Areas.Shared.ContactServiceTests.MemberValidation_IncorrectSurname_ValidationShouldBeMemberSurnameMismatch" methodname="MemberValidation_IncorrectSurname_ValidationShouldBeMemberSurnameMismatch" classname="Raci.B2C.Web.Test.Unit.Areas.Shared.ContactServiceTests" runstate="Runnable" seed="2007568727" result="Passed" start-time="2017-04-04 01:18:35Z" end-time="2017-04-04 01:18:35Z" duration="0.001423" asserts="0" />
                    <test-case id="5-1002" name="MemberValidation_MemberLevelLife_ValidationShouldBeSuccess" fullname="Raci.B2C.Web.Test.Unit.Areas.Shared.ContactServiceTests.MemberValidation_MemberLevelLife_ValidationShouldBeSuccess" methodname="MemberValidation_MemberLevelLife_ValidationShouldBeSuccess" classname="Raci.B2C.Web.Test.Unit.Areas.Shared.ContactServiceTests" runstate="Runnable" seed="524624936" result="Passed" start-time="2017-04-04 01:18:35Z" end-time="2017-04-04 01:18:35Z" duration="0.002648" asserts="0" />
                    <test-case id="5-1007" name="MemberValidation_MemberNotActive_ValidationShouldBeMemberNotActive" fullname="Raci.B2C.Web.Test.Unit.Areas.Shared.ContactServiceTests.MemberValidation_MemberNotActive_ValidationShouldBeMemberNotActive" methodname="MemberValidation_MemberNotActive_ValidationShouldBeMemberNotActive" classname="Raci.B2C.Web.Test.Unit.Areas.Shared.ContactServiceTests" runstate="Runnable" seed="706369509" result="Passed" start-time="2017-04-04 01:18:35Z" end-time="2017-04-04 01:18:35Z" duration="0.002072" asserts="0" />
                    <test-case id="5-1003" name="MemberValidation_NotAMember_ValidationShouldBeNotRun" fullname="Raci.B2C.Web.Test.Unit.Areas.Shared.ContactServiceTests.MemberValidation_NotAMember_ValidationShouldBeNotRun" methodname="MemberValidation_NotAMember_ValidationShouldBeNotRun" classname="Raci.B2C.Web.Test.Unit.Areas.Shared.ContactServiceTests" runstate="Runnable" seed="277174541" result="Passed" start-time="2017-04-04 01:18:35Z" end-time="2017-04-04 01:18:35Z" duration="0.001376" asserts="0" />
                    <test-case id="5-1005" name="MemberValidation_RedMember_ValidationShouldBeNotRun" fullname="Raci.B2C.Web.Test.Unit.Areas.Shared.ContactServiceTests.MemberValidation_RedMember_ValidationShouldBeNotRun" methodname="MemberValidation_RedMember_ValidationShouldBeNotRun" classname="Raci.B2C.Web.Test.Unit.Areas.Shared.ContactServiceTests" runstate="Runnable" seed="1423056178" result="Passed" start-time="2017-04-04 01:18:35Z" end-time="2017-04-04 01:18:35Z" duration="0.001710" asserts="0" />
                  </test-suite>
                </test-suite>
              </test-suite>
            </test-suite>
          </test-suite>
        </test-suite>
      </test-suite>
    </test-suite>
  </test-suite>
  <test-suite type="Assembly" id="6-1001" name="Raci.B2C.Service.Test.Unit.dll" fullname="D:\b2cpcm\b2c-pcm\Implementation\DotNet\Raci.B2C\Raci.B2C.Service.Test.Unit\bin\Debug\Raci.B2C.Service.Test.Unit.dll" runstate="Runnable" testcasecount="0" result="Passed" start-time="2017-04-04 01:18:33Z" end-time="2017-04-04 01:18:34Z" duration="0.044275" total="0" passed="0" failed="0" warnings="0" inconclusive="0" skipped="0" asserts="0">
    <environment framework-version="3.6.1.0" clr-version="4.0.30319.42000" os-version="Microsoft Windows NT 6.1.7601 Service Pack 1" platform="Win32NT" cwd="D:\apps\nunit-console\nunit-console" machine-name="RAC-39641" user="bridge0a" user-domain="RAC" culture="en-AU" uiculture="en-US" os-architecture="x64" />
    <settings>
      <setting name="DisposeRunners" value="True" />
      <setting name="WorkDirectory" value="D:\apps\nunit-console\nunit-console" />
      <setting name="ImageRuntimeVersion" value="4.0.30319" />
      <setting name="ImageTargetFrameworkName" value=".NETFramework,Version=v4.5" />
      <setting name="ImageRequiresX86" value="False" />
      <setting name="ImageRequiresDefaultAppDomainAssemblyResolver" value="False" />
      <setting name="NumberOfTestWorkers" value="8" />
    </settings>
    <properties>
      <property name="_PID" value="13376" />
      <property name="_APPDOMAIN" value="domain-ac8e5b39-Raci.B2C.Service.Test.Unit.dll" />
    </properties>
    <test-suite type="TestSuite" id="6-1002" name="Raci" fullname="Raci" runstate="Runnable" testcasecount="0" result="Passed" start-time="2017-04-04 01:18:34Z" end-time="2017-04-04 01:18:34Z" duration="0.021948" total="0" passed="0" failed="0" warnings="0" inconclusive="0" skipped="0" asserts="0">
      <test-suite type="TestSuite" id="6-1003" name="B2C" fullname="Raci.B2C" runstate="Runnable" testcasecount="0" result="Passed" start-time="2017-04-04 01:18:34Z" end-time="2017-04-04 01:18:34Z" duration="0.019963" total="0" passed="0" failed="0" warnings="0" inconclusive="0" skipped="0" asserts="0">
        <test-suite type="TestSuite" id="6-1004" name="Service" fullname="Raci.B2C.Service" runstate="Runnable" testcasecount="0" result="Passed" start-time="2017-04-04 01:18:34Z" end-time="2017-04-04 01:18:34Z" duration="0.017627" total="0" passed="0" failed="0" warnings="0" inconclusive="0" skipped="0" asserts="0">
          <test-suite type="TestSuite" id="6-1005" name="Test" fullname="Raci.B2C.Service.Test" runstate="Runnable" testcasecount="0" result="Passed" start-time="2017-04-04 01:18:34Z" end-time="2017-04-04 01:18:34Z" duration="0.015938" total="0" passed="0" failed="0" warnings="0" inconclusive="0" skipped="0" asserts="0">
            <test-suite type="TestSuite" id="6-1006" name="Unit" fullname="Raci.B2C.Service.Test.Unit" runstate="Runnable" testcasecount="0" result="Passed" start-time="2017-04-04 01:18:34Z" end-time="2017-04-04 01:18:34Z" duration="0.012937" total="0" passed="0" failed="0" warnings="0" inconclusive="0" skipped="0" asserts="0">
              <test-suite type="TestSuite" id="6-1007" name="Commands" fullname="Raci.B2C.Service.Test.Unit.Commands" runstate="Runnable" testcasecount="0" result="Passed" start-time="2017-04-04 01:18:34Z" end-time="2017-04-04 01:18:34Z" duration="0.011336" total="0" passed="0" failed="0" warnings="0" inconclusive="0" skipped="0" asserts="0">
                <test-suite type="TestFixture" id="6-1000" name="ChangeAgreedValueCommandTests" fullname="Raci.B2C.Service.Test.Unit.Commands.ChangeAgreedValueCommandTests" classname="Raci.B2C.Service.Test.Unit.Commands.ChangeAgreedValueCommandTests" runstate="Runnable" testcasecount="0" result="Passed" start-time="2017-04-04 01:18:34Z" end-time="2017-04-04 01:18:34Z" duration="0.002230" total="0" passed="0" failed="0" warnings="0" inconclusive="0" skipped="0" asserts="0" />
              </test-suite>
            </test-suite>
          </test-suite>
        </test-suite>
      </test-suite>
    </test-suite>
  </test-suite>
</test-run>